[2018-07-11 10:40:08.275] [INFO] admin - GET 200 / 22 ms
[2018-07-11 10:40:08.560] [INFO] admin - GET 200 /css/style.css 8 ms
[2018-07-11 10:40:08.562] [INFO] admin - GET 200 /css/mui.min.css 12 ms
[2018-07-11 10:40:08.575] [INFO] admin - GET 200 /js/mui.min.js 3 ms
[2018-07-11 10:40:08.581] [INFO] admin - GET 200 /js/style.js 1 ms
[2018-07-11 10:40:08.586] [INFO] admin - GET 200 /images/sosou.png 3 ms
[2018-07-11 10:40:08.591] [INFO] admin - GET 200 /images/index.png 3 ms
[2018-07-11 10:40:08.594] [INFO] admin - GET 200 /images/shopping_lax.png 1 ms
[2018-07-11 10:40:08.597] [INFO] admin - GET 200 /images/word.png 1 ms
[2018-07-11 10:40:08.602] [INFO] admin - GET 200 /images/system.png 1 ms
[2018-07-11 10:40:08.608] [INFO] admin - GET 200 /images/banner.jpg 4 ms
[2018-07-11 10:40:08.613] [INFO] admin - GET 200 /images/index01.png 1 ms
[2018-07-11 10:40:08.616] [INFO] admin - GET 200 /images/index02.png 1 ms
[2018-07-11 10:40:08.620] [INFO] admin - GET 200 /images/index03.png 2 ms
[2018-07-11 10:40:08.625] [INFO] admin - GET 200 /images/index04.png 3 ms
[2018-07-11 10:40:08.633] [INFO] admin - GET 200 /images/index05.png 3 ms
[2018-07-11 10:40:08.637] [INFO] admin - GET 200 /images/index06.png 2 ms
[2018-07-11 10:40:08.640] [INFO] admin - GET 200 /images/index07.png 2 ms
[2018-07-11 10:40:08.644] [INFO] admin - GET 200 /images/index08.png 2 ms
[2018-07-11 10:40:08.648] [INFO] admin - GET 200 /images/voice.jpg 1 ms
[2018-07-11 10:40:08.653] [INFO] admin - GET 200 /images/product05.jpg 3 ms
[2018-07-11 10:40:08.668] [INFO] admin - GET 200 /images/product09.png 4 ms
[2018-07-11 10:40:08.672] [INFO] admin - GET 200 /images/product08.png 1 ms
[2018-07-11 10:40:08.686] [INFO] admin - GET 200 /images/product10.png 7 ms
[2018-07-11 10:40:08.692] [INFO] admin - GET 200 /images/product11.png 1 ms
[2018-07-11 10:40:08.711] [INFO] admin - GET 200 /images/live.png 2 ms
[2018-07-11 10:40:08.715] [INFO] admin - GET 200 /images/product12.jpg 1 ms
[2018-07-11 10:40:08.929] [INFO] admin - GET 200 /fonts/mui.ttf 2 ms
[2018-07-11 10:40:09.216] [INFO] admin - GET 404 /favicon.ico 8 ms
[2018-07-11 10:42:34.774] [INFO] admin - GET 200 / 6 ms
[2018-07-11 10:42:34.990] [INFO] admin - GET 200 /css/style.css 8 ms
[2018-07-11 10:42:34.993] [INFO] admin - GET 200 /css/mui.min.css 12 ms
[2018-07-11 10:42:35.000] [INFO] admin - GET 200 /js/mui.min.js 5 ms
[2018-07-11 10:42:35.006] [INFO] admin - GET 200 /js/style.js 1 ms
[2018-07-11 10:42:35.009] [INFO] admin - GET 200 /images/sosou.png 1 ms
[2018-07-11 10:42:35.013] [INFO] admin - GET 200 /images/index.png 1 ms
[2018-07-11 10:42:35.015] [INFO] admin - GET 200 /images/shopping_lax.png 1 ms
[2018-07-11 10:42:35.018] [INFO] admin - GET 200 /images/word.png 1 ms
[2018-07-11 10:42:35.022] [INFO] admin - GET 200 /images/system.png 1 ms
[2018-07-11 10:42:35.029] [INFO] admin - GET 200 /images/banner.jpg 4 ms
[2018-07-11 10:42:35.036] [INFO] admin - GET 200 /images/index01.png 2 ms
[2018-07-11 10:42:35.040] [INFO] admin - GET 200 /images/index02.png 2 ms
[2018-07-11 10:42:35.045] [INFO] admin - GET 200 /images/index03.png 3 ms
[2018-07-11 10:42:35.050] [INFO] admin - GET 200 /images/index04.png 3 ms
[2018-07-11 10:42:35.054] [INFO] admin - GET 200 /images/index05.png 2 ms
[2018-07-11 10:42:35.064] [INFO] admin - GET 200 /images/index06.png 8 ms
[2018-07-11 10:42:35.067] [INFO] admin - GET 200 /images/index07.png 1 ms
[2018-07-11 10:42:35.071] [INFO] admin - GET 200 /images/index08.png 2 ms
[2018-07-11 10:42:35.074] [INFO] admin - GET 200 /images/voice.jpg 2 ms
[2018-07-11 10:42:35.081] [INFO] admin - GET 200 /images/product05.jpg 5 ms
[2018-07-11 10:42:35.085] [INFO] admin - GET 200 /images/product09.png 3 ms
[2018-07-11 10:42:35.090] [INFO] admin - GET 200 /images/product08.png 2 ms
[2018-07-11 10:42:35.109] [INFO] admin - GET 200 /images/product10.png 4 ms
[2018-07-11 10:42:35.113] [INFO] admin - GET 200 /images/product11.png 6 ms
[2018-07-11 10:42:35.115] [INFO] admin - GET 200 /images/live.png 7 ms
[2018-07-11 10:42:35.116] [INFO] admin - GET 200 /images/product12.jpg 8 ms
[2018-07-11 10:42:35.198] [INFO] admin - GET 200 /fonts/mui.ttf 4 ms
[2018-07-11 10:42:35.373] [INFO] admin - GET 404 /favicon.ico 3 ms
[2018-07-11 10:42:45.741] [INFO] admin - GET 200 / 3 ms
[2018-07-11 10:42:45.771] [INFO] admin - GET 200 /css/mui.min.css 7 ms
[2018-07-11 10:42:45.789] [INFO] admin - GET 200 /css/style.css 4 ms
[2018-07-11 10:42:45.846] [INFO] admin - GET 200 /js/mui.min.js 32 ms
[2018-07-11 10:42:45.885] [INFO] admin - GET 200 /js/style.js 1 ms
[2018-07-11 10:42:45.887] [INFO] admin - GET 200 /images/sosou.png 1 ms
[2018-07-11 10:42:45.913] [INFO] admin - GET 200 /fonts/mui.ttf 2 ms
[2018-07-11 10:42:45.921] [INFO] admin - GET 200 /images/index.png 3 ms
[2018-07-11 10:42:45.925] [INFO] admin - GET 200 /images/shopping_lax.png 3 ms
[2018-07-11 10:42:45.932] [INFO] admin - GET 200 /images/word.png 2 ms
[2018-07-11 10:42:45.965] [INFO] admin - GET 200 /images/system.png 1 ms
[2018-07-11 10:42:45.981] [INFO] admin - GET 200 /images/banner.jpg 1 ms
[2018-07-11 10:42:45.983] [INFO] admin - GET 200 /images/index02.png 1 ms
[2018-07-11 10:42:45.984] [INFO] admin - GET 200 /images/index06.png 1 ms
[2018-07-11 10:42:45.988] [INFO] admin - GET 200 /images/index05.png 1 ms
[2018-07-11 10:42:46.002] [INFO] admin - GET 200 /images/index04.png 1 ms
[2018-07-11 10:42:46.006] [INFO] admin - GET 200 /images/product11.png 1 ms
[2018-07-11 10:42:46.019] [INFO] admin - GET 200 /images/product05.jpg 2 ms
[2018-07-11 10:42:46.021] [INFO] admin - GET 200 /images/index03.png 1 ms
[2018-07-11 10:42:46.027] [INFO] admin - GET 200 /images/index07.png 1 ms
[2018-07-11 10:42:46.036] [INFO] admin - GET 200 /images/product09.png 8 ms
[2018-07-11 10:42:46.057] [INFO] admin - GET 200 /images/voice.jpg 1 ms
[2018-07-11 10:42:46.068] [INFO] admin - GET 200 /images/product10.png 2 ms
[2018-07-11 10:42:46.073] [INFO] admin - GET 200 /images/index01.png 1 ms
[2018-07-11 10:42:46.078] [INFO] admin - GET 200 /images/index08.png 2 ms
[2018-07-11 10:42:46.129] [INFO] admin - GET 200 /images/product08.png 1 ms
[2018-07-11 10:42:46.150] [INFO] admin - GET 200 /images/live.png 3 ms
[2018-07-11 10:42:46.175] [INFO] admin - GET 200 /images/product12.jpg 2 ms
[2018-07-11 10:42:46.253] [INFO] admin - GET 404 /favicon.ico 2 ms
[2018-07-11 10:48:30.336] [INFO] admin - GET 200 / 3 ms
[2018-07-11 10:48:30.462] [INFO] admin - GET 200 /css/mui.min.css 3 ms
[2018-07-11 10:48:30.465] [INFO] admin - GET 200 /css/style.css 2 ms
[2018-07-11 10:48:30.466] [INFO] admin - GET 200 /images/sosou.png 3 ms
[2018-07-11 10:48:30.468] [INFO] admin - GET 200 /images/index.png 5 ms
[2018-07-11 10:48:30.473] [INFO] admin - GET 200 /images/shopping_lax.png 9 ms
[2018-07-11 10:48:30.474] [INFO] admin - GET 200 /images/word.png 9 ms
[2018-07-11 10:48:30.484] [INFO] admin - GET 200 /js/mui.min.js 3 ms
[2018-07-11 10:48:30.489] [INFO] admin - GET 200 /js/style.js 1 ms
[2018-07-11 10:48:30.492] [INFO] admin - GET 200 /images/system.png 2 ms
[2018-07-11 10:48:30.495] [INFO] admin - GET 200 /images/banner.jpg 5 ms
[2018-07-11 10:48:30.496] [INFO] admin - GET 200 /images/index01.png 4 ms
[2018-07-11 10:48:30.497] [INFO] admin - GET 200 /images/index02.png 3 ms
[2018-07-11 10:48:30.501] [INFO] admin - GET 200 /images/index03.png 1 ms
[2018-07-11 10:48:30.506] [INFO] admin - GET 200 /images/index04.png 4 ms
[2018-07-11 10:48:30.507] [INFO] admin - GET 200 /images/index05.png 2 ms
[2018-07-11 10:48:30.509] [INFO] admin - GET 200 /images/index06.png 3 ms
[2018-07-11 10:48:30.514] [INFO] admin - GET 200 /images/index07.png 5 ms
[2018-07-11 10:48:30.515] [INFO] admin - GET 200 /images/index08.png 4 ms
[2018-07-11 10:48:30.515] [INFO] admin - GET 200 /images/voice.jpg 4 ms
[2018-07-11 10:48:30.518] [INFO] admin - GET 200 /images/product05.jpg 2 ms
[2018-07-11 10:48:30.521] [INFO] admin - GET 200 /images/product09.png 5 ms
[2018-07-11 10:48:30.522] [INFO] admin - GET 200 /images/product08.png 4 ms
[2018-07-11 10:48:30.539] [INFO] admin - GET 200 /images/product10.png 8 ms
[2018-07-11 10:48:30.540] [INFO] admin - GET 200 /images/live.png 6 ms
[2018-07-11 10:48:30.541] [INFO] admin - GET 200 /images/product11.png 9 ms
[2018-07-11 10:48:30.549] [INFO] admin - GET 200 /images/product12.jpg 1 ms
[2018-07-11 10:48:30.655] [INFO] admin - GET 200 /fonts/mui.ttf 4 ms
[2018-07-11 10:48:42.498] [INFO] admin - GET 304 / 9 ms
[2018-07-11 10:48:42.576] [INFO] admin - GET 304 /css/mui.min.css 3 ms
[2018-07-11 10:48:42.578] [INFO] admin - GET 304 /css/style.css 4 ms
[2018-07-11 10:48:42.580] [INFO] admin - GET 304 /js/mui.min.js 1 ms
[2018-07-11 10:48:42.590] [INFO] admin - GET 304 /js/style.js 2 ms
[2018-07-11 10:48:42.593] [INFO] admin - GET 304 /images/index.png 5 ms
[2018-07-11 10:48:42.601] [INFO] admin - GET 304 /images/shopping_lax.png 10 ms
[2018-07-11 10:48:42.605] [INFO] admin - GET 304 /images/sosou.png 7 ms
[2018-07-11 10:48:42.608] [INFO] admin - GET 304 /images/word.png 10 ms
[2018-07-11 10:48:42.610] [INFO] admin - GET 304 /images/system.png 12 ms
[2018-07-11 10:48:42.615] [INFO] admin - GET 304 /images/banner.jpg 6 ms
[2018-07-11 10:48:42.620] [INFO] admin - GET 304 /images/index01.png 4 ms
[2018-07-11 10:48:42.622] [INFO] admin - GET 304 /images/index02.png 8 ms
[2018-07-11 10:48:42.637] [INFO] admin - GET 304 /images/index03.png 16 ms
[2018-07-11 10:48:42.647] [INFO] admin - GET 304 /images/index04.png 24 ms
[2018-07-11 10:48:42.648] [INFO] admin - GET 304 /images/index05.png 24 ms
[2018-07-11 10:48:42.655] [INFO] admin - GET 304 /images/index06.png 23 ms
[2018-07-11 10:48:42.664] [INFO] admin - GET 304 /images/index07.png 5 ms
[2018-07-11 10:48:42.666] [INFO] admin - GET 304 /images/index08.png 6 ms
[2018-07-11 10:48:42.669] [INFO] admin - GET 304 /fonts/mui.ttf 8 ms
[2018-07-11 10:48:42.678] [INFO] admin - GET 304 /images/voice.jpg 7 ms
[2018-07-11 10:48:42.678] [INFO] admin - GET 304 /images/product05.jpg 7 ms
[2018-07-11 10:48:42.679] [INFO] admin - GET 304 /images/product09.png 3 ms
[2018-07-11 10:48:42.681] [INFO] admin - GET 304 /images/product11.png 2 ms
[2018-07-11 10:48:42.681] [INFO] admin - GET 304 /images/product10.png 2 ms
[2018-07-11 10:48:42.681] [INFO] admin - GET 304 /images/product08.png 2 ms
[2018-07-11 10:48:42.688] [INFO] admin - GET 304 /images/live.png 1 ms
[2018-07-11 10:48:42.688] [INFO] admin - GET 304 /images/product12.jpg 1 ms
[2018-07-11 10:49:00.569] [INFO] admin - GET 200 /shopping_cart.html 6 ms
[2018-07-11 10:49:00.654] [INFO] admin - GET 304 /css/mui.min.css 3 ms
[2018-07-11 10:49:00.655] [INFO] admin - GET 304 /css/style.css 3 ms
[2018-07-11 10:49:00.657] [INFO] admin - GET 200 /css/cart.css 6 ms
[2018-07-11 10:49:00.682] [INFO] admin - GET 304 /js/mui.min.js 1 ms
[2018-07-11 10:49:00.694] [INFO] admin - GET 304 /js/style.js 1 ms
[2018-07-11 10:49:00.708] [INFO] admin - GET 200 /images/top_arrowleft.png 2 ms
[2018-07-11 10:49:00.711] [INFO] admin - GET 304 /images/product11.png 1 ms
[2018-07-11 10:49:00.741] [INFO] admin - GET 304 /fonts/mui.ttf 1 ms
[2018-07-11 10:49:07.724] [INFO] admin - GET 200 /established.html 27 ms
[2018-07-11 10:49:07.764] [INFO] admin - GET 304 /css/mui.min.css 5 ms
[2018-07-11 10:49:07.765] [INFO] admin - GET 304 /css/style.css 2 ms
[2018-07-11 10:49:07.790] [INFO] admin - GET 304 /js/mui.min.js 1 ms
[2018-07-11 10:49:07.796] [INFO] admin - GET 304 /js/style.js 0 ms
[2018-07-11 10:49:07.804] [INFO] admin - GET 304 /images/top_arrowleft.png 1 ms
[2018-07-11 10:49:07.812] [INFO] admin - GET 304 /images/product05.jpg 1 ms
[2018-07-11 10:49:07.840] [INFO] admin - GET 304 /fonts/mui.ttf 1 ms
[2018-07-11 10:49:13.002] [INFO] admin - GET 200 /add_new.html 5 ms
[2018-07-11 10:49:13.053] [INFO] admin - GET 200 /css/address.css 1 ms
[2018-07-11 10:49:13.068] [INFO] admin - GET 304 /css/mui.min.css 1 ms
[2018-07-11 10:49:13.070] [INFO] admin - GET 304 /css/style.css 1 ms
[2018-07-11 10:49:13.071] [INFO] admin - GET 304 /js/mui.min.js 2 ms
[2018-07-11 10:49:13.080] [INFO] admin - GET 304 /js/style.js 1 ms
[2018-07-11 10:49:13.080] [INFO] admin - GET 304 /images/top_arrowleft.png 1 ms
[2018-07-11 10:49:13.119] [INFO] admin - GET 304 /fonts/mui.ttf 1 ms
[2018-07-11 10:49:18.729] [INFO] admin - GET 304 /established.html 2 ms
[2018-07-11 10:49:18.776] [INFO] admin - GET 304 /css/mui.min.css 2 ms
[2018-07-11 10:49:18.782] [INFO] admin - GET 304 /css/style.css 2 ms
[2018-07-11 10:49:18.792] [INFO] admin - GET 304 /js/mui.min.js 1 ms
[2018-07-11 10:49:18.802] [INFO] admin - GET 304 /js/style.js 0 ms
[2018-07-11 10:49:18.811] [INFO] admin - GET 304 /images/top_arrowleft.png 3 ms
[2018-07-11 10:49:18.812] [INFO] admin - GET 304 /images/product05.jpg 2 ms
[2018-07-11 10:49:18.833] [INFO] admin - GET 304 /fonts/mui.ttf 1 ms
[2018-07-11 10:49:20.452] [INFO] admin - GET 304 /established.html 2 ms
[2018-07-11 10:49:20.522] [INFO] admin - GET 304 /css/mui.min.css 1 ms
[2018-07-11 10:49:20.523] [INFO] admin - GET 304 /css/style.css 1 ms
[2018-07-11 10:49:20.531] [INFO] admin - GET 304 /js/mui.min.js 1 ms
[2018-07-11 10:49:20.539] [INFO] admin - GET 304 /js/style.js 1 ms
[2018-07-11 10:49:20.547] [INFO] admin - GET 304 /images/top_arrowleft.png 0 ms
[2018-07-11 10:49:20.556] [INFO] admin - GET 304 /images/product05.jpg 0 ms
[2018-07-11 10:49:20.582] [INFO] admin - GET 304 /fonts/mui.ttf 2 ms
[2018-07-11 10:49:28.913] [INFO] admin - GET 200 /orders.html 3 ms
[2018-07-11 10:49:28.965] [INFO] admin - GET 304 /css/mui.min.css 1 ms
[2018-07-11 10:49:28.968] [INFO] admin - GET 304 /css/style.css 1 ms
[2018-07-11 10:49:28.970] [INFO] admin - GET 304 /css/address.css 3 ms
[2018-07-11 10:49:28.971] [INFO] admin - GET 304 /js/mui.min.js 3 ms
[2018-07-11 10:49:28.981] [INFO] admin - GET 304 /js/style.js 1 ms
[2018-07-11 10:49:28.992] [INFO] admin - GET 304 /images/top_arrowleft.png 12 ms
[2018-07-11 10:49:28.993] [INFO] admin - GET 304 /images/product05.jpg 11 ms
[2018-07-11 10:49:29.021] [INFO] admin - GET 304 /fonts/mui.ttf 11 ms
[2018-07-11 15:04:14.456] [INFO] admin - GET 200 /favicon.ico 14 ms
[2018-07-11 15:31:30.507] [INFO] admin - GET 200 /all.html 32 ms
[2018-07-11 15:31:30.546] [INFO] admin - GET 200 /css/mui.min.css 6 ms
[2018-07-11 15:31:30.571] [INFO] admin - GET 200 /css/style.css 2 ms
[2018-07-11 15:31:30.634] [INFO] admin - GET 200 /js/mui.min.js 25 ms
[2018-07-11 15:31:30.659] [INFO] admin - GET 200 /images/classify.jpg 8 ms
[2018-07-11 15:31:30.724] [INFO] admin - GET 200 /images/classify06.jpg 3 ms
[2018-07-11 15:31:30.744] [INFO] admin - GET 200 /images/classify08.jpg 19 ms
[2018-07-11 15:31:30.746] [INFO] admin - GET 200 /images/classify04.jpg 20 ms
[2018-07-11 15:31:30.749] [INFO] admin - GET 200 /images/classify07.jpg 24 ms
[2018-07-11 15:31:30.750] [INFO] admin - GET 200 /images/classify05.jpg 24 ms
[2018-07-11 15:31:30.752] [INFO] admin - GET 200 /js/style.js 18 ms
[2018-07-11 15:31:30.755] [INFO] admin - GET 200 /images/classify01.jpg 19 ms
[2018-07-11 15:31:30.789] [INFO] admin - GET 200 /images/classify02.jpg 2 ms
[2018-07-11 15:31:30.796] [INFO] admin - GET 200 /images/top_arrowleft.png 6 ms
[2018-07-11 15:31:56.501] [INFO] admin - GET 304 /all.html 2 ms
[2018-07-11 15:31:56.567] [INFO] admin - GET 304 /css/mui.min.css 2 ms
[2018-07-11 15:31:56.569] [INFO] admin - GET 304 /css/style.css 2 ms
[2018-07-11 15:31:56.578] [INFO] admin - GET 304 /js/mui.min.js 1 ms
[2018-07-11 15:31:56.587] [INFO] admin - GET 304 /js/style.js 1 ms
[2018-07-11 15:31:56.595] [INFO] admin - GET 304 /images/top_arrowleft.png 1 ms
[2018-07-11 15:31:56.605] [INFO] admin - GET 304 /images/classify.jpg 2 ms
[2018-07-11 15:31:56.610] [INFO] admin - GET 304 /images/classify01.jpg 2 ms
[2018-07-11 15:31:56.613] [INFO] admin - GET 304 /images/classify02.jpg 1 ms
[2018-07-11 15:31:56.622] [INFO] admin - GET 304 /images/classify04.jpg 7 ms
[2018-07-11 15:31:56.625] [INFO] admin - GET 304 /images/classify05.jpg 10 ms
[2018-07-11 15:31:56.627] [INFO] admin - GET 304 /images/classify06.jpg 8 ms
[2018-07-11 15:31:56.631] [INFO] admin - GET 304 /images/classify07.jpg 9 ms
[2018-07-11 15:31:56.633] [INFO] admin - GET 304 /images/classify08.jpg 1 ms
[2018-07-11 15:31:56.699] [INFO] admin - GET 200 /favicon.ico 3 ms
[2018-07-11 15:32:06.952] [INFO] admin - GET 200 /index.html 4 ms
[2018-07-11 15:32:07.016] [INFO] admin - GET 304 /css/mui.min.css 1 ms
[2018-07-11 15:32:07.016] [INFO] admin - GET 304 /css/style.css 1 ms
[2018-07-11 15:32:07.035] [INFO] admin - GET 304 /js/mui.min.js 1 ms
[2018-07-11 15:32:07.038] [INFO] admin - GET 304 /js/style.js 2 ms
[2018-07-11 15:32:07.045] [INFO] admin - GET 200 /images/sosou.png 2 ms
[2018-07-11 15:32:07.049] [INFO] admin - GET 200 /images/shopping_lax.png 3 ms
[2018-07-11 15:32:07.051] [INFO] admin - GET 200 /images/index.png 5 ms
[2018-07-11 15:32:07.052] [INFO] admin - GET 200 /images/word.png 5 ms
[2018-07-11 15:32:07.052] [INFO] admin - GET 200 /images/system.png 5 ms
[2018-07-11 15:32:07.057] [INFO] admin - GET 200 /images/index01.png 2 ms
[2018-07-11 15:32:07.066] [INFO] admin - GET 200 /images/index02.png 1 ms
[2018-07-11 15:32:07.069] [INFO] admin - GET 200 /images/index04.png 1 ms
[2018-07-11 15:32:07.072] [INFO] admin - GET 200 /images/index03.png 1 ms
[2018-07-11 15:32:07.073] [INFO] admin - GET 200 /images/banner.jpg 26 ms
[2018-07-11 15:32:07.079] [INFO] admin - GET 200 /images/index05.png 2 ms
[2018-07-11 15:32:07.098] [INFO] admin - GET 200 /fonts/mui.ttf 2 ms
[2018-07-11 15:32:07.105] [INFO] admin - GET 200 /images/index06.png 2 ms
[2018-07-11 15:32:07.117] [INFO] admin - GET 200 /images/index07.png 9 ms
[2018-07-11 15:32:07.120] [INFO] admin - GET 200 /images/index08.png 2 ms
[2018-07-11 15:32:07.201] [INFO] admin - GET 200 /images/voice.jpg 2 ms
[2018-07-11 15:32:07.207] [INFO] admin - GET 200 /images/product10.png 2 ms
[2018-07-11 15:32:07.212] [INFO] admin - GET 200 /images/product09.png 3 ms
[2018-07-11 15:32:07.226] [INFO] admin - GET 200 /images/product08.png 3 ms
[2018-07-11 15:32:07.243] [INFO] admin - GET 200 /images/product05.jpg 2 ms
[2018-07-11 15:32:07.253] [INFO] admin - GET 200 /images/product11.png 3 ms
[2018-07-11 15:32:07.256] [INFO] admin - GET 200 /images/live.png 2 ms
[2018-07-11 15:32:07.266] [INFO] admin - GET 200 /images/product12.jpg 5 ms
[2018-07-11 15:32:11.929] [INFO] admin - GET 200 /sosou.html 24 ms
[2018-07-11 15:32:12.000] [INFO] admin - GET 304 /css/mui.min.css 1 ms
[2018-07-11 15:32:12.002] [INFO] admin - GET 304 /css/style.css 1 ms
[2018-07-11 15:32:12.010] [INFO] admin - GET 304 /js/mui.min.js 0 ms
[2018-07-11 15:32:12.021] [INFO] admin - GET 304 /js/style.js 0 ms
[2018-07-11 15:32:12.031] [INFO] admin - GET 304 /images/top_arrowleft.png 1 ms
[2018-07-11 15:32:12.076] [INFO] admin - GET 304 /fonts/mui.ttf 0 ms
[2018-07-11 15:32:20.022] [INFO] admin - GET 304 /sosou.html 1 ms
[2018-07-11 15:32:20.095] [INFO] admin - GET 304 /css/mui.min.css 2 ms
[2018-07-11 15:32:20.096] [INFO] admin - GET 304 /css/style.css 2 ms
[2018-07-11 15:32:20.111] [INFO] admin - GET 304 /js/mui.min.js 2 ms
[2018-07-11 15:32:20.123] [INFO] admin - GET 304 /js/style.js 1 ms
[2018-07-11 15:32:20.141] [INFO] admin - GET 304 /images/top_arrowleft.png 5 ms
[2018-07-11 15:32:20.181] [INFO] admin - GET 304 /fonts/mui.ttf 1 ms
[2018-07-11 15:32:21.497] [INFO] admin - GET 304 /sosou.html 1 ms
[2018-07-11 15:32:21.577] [INFO] admin - GET 304 /css/mui.min.css 5 ms
[2018-07-11 15:32:21.578] [INFO] admin - GET 304 /css/style.css 6 ms
[2018-07-11 15:32:21.587] [INFO] admin - GET 304 /js/mui.min.js 1 ms
[2018-07-11 15:32:21.594] [INFO] admin - GET 304 /js/style.js 1 ms
[2018-07-11 15:32:21.605] [INFO] admin - GET 304 /images/top_arrowleft.png 3 ms
[2018-07-11 15:32:21.645] [INFO] admin - GET 304 /fonts/mui.ttf 2 ms
[2018-07-11 15:32:29.932] [INFO] admin - GET 200 /orders.html 2 ms
[2018-07-11 15:32:30.008] [INFO] admin - GET 304 /css/mui.min.css 3 ms
[2018-07-11 15:32:30.023] [INFO] admin - GET 304 /css/style.css 4 ms
[2018-07-11 15:32:30.024] [INFO] admin - GET 304 /js/mui.min.js 3 ms
[2018-07-11 15:32:30.026] [INFO] admin - GET 200 /css/address.css 4 ms
[2018-07-11 15:32:30.030] [INFO] admin - GET 304 /js/style.js 0 ms
[2018-07-11 15:32:30.037] [INFO] admin - GET 304 /images/top_arrowleft.png 0 ms
[2018-07-11 15:32:30.045] [INFO] admin - GET 304 /images/product05.jpg 0 ms
[2018-07-11 15:32:30.143] [INFO] admin - GET 304 /fonts/mui.ttf 1 ms
[2018-07-11 15:33:05.095] [INFO] admin - GET 200 /product_info.html 22 ms
[2018-07-11 15:33:05.212] [INFO] admin - GET 200 /css/product.css 2 ms
[2018-07-11 15:33:05.218] [INFO] admin - GET 304 /css/mui.min.css 3 ms
[2018-07-11 15:33:05.221] [INFO] admin - GET 304 /css/style.css 4 ms
[2018-07-11 15:33:05.230] [INFO] admin - GET 304 /js/mui.min.js 14 ms
[2018-07-11 15:33:05.244] [INFO] admin - GET 304 /js/style.js 11 ms
[2018-07-11 15:33:05.246] [INFO] admin - GET 304 /images/top_arrowleft.png 5 ms
[2018-07-11 15:33:05.248] [INFO] admin - GET 200 /images/product.jpg 17 ms
[2018-07-11 15:33:05.249] [INFO] admin - GET 200 /images/img.png 17 ms
[2018-07-11 15:33:05.250] [INFO] admin - GET 200 /images/product_title.jpg 17 ms
[2018-07-11 15:33:05.251] [INFO] admin - GET 200 /images/store.png 7 ms
[2018-07-11 15:33:05.260] [INFO] admin - GET 304 /images/shopping_lax.png 1 ms
[2018-07-11 15:33:05.291] [INFO] admin - GET 304 /fonts/mui.ttf 0 ms
[2018-07-11 15:33:15.542] [INFO] admin - GET 304 /index.html 2 ms
[2018-07-11 15:33:15.606] [INFO] admin - GET 304 /css/mui.min.css 2 ms
[2018-07-11 15:33:15.607] [INFO] admin - GET 304 /css/style.css 2 ms
[2018-07-11 15:33:15.635] [INFO] admin - GET 304 /images/sosou.png 2 ms
[2018-07-11 15:33:15.637] [INFO] admin - GET 304 /js/mui.min.js 3 ms
[2018-07-11 15:33:15.641] [INFO] admin - GET 304 /js/style.js 2 ms
[2018-07-11 15:33:15.642] [INFO] admin - GET 304 /images/index.png 4 ms
[2018-07-11 15:33:15.643] [INFO] admin - GET 304 /images/shopping_lax.png 4 ms
[2018-07-11 15:33:15.652] [INFO] admin - GET 304 /images/word.png 13 ms
[2018-07-11 15:33:15.659] [INFO] admin - GET 304 /images/system.png 6 ms
[2018-07-11 15:33:15.661] [INFO] admin - GET 304 /images/banner.jpg 5 ms
[2018-07-11 15:33:15.662] [INFO] admin - GET 304 /images/index01.png 5 ms
[2018-07-11 15:33:15.664] [INFO] admin - GET 304 /images/index02.png 6 ms
[2018-07-11 15:33:15.666] [INFO] admin - GET 304 /images/index03.png 8 ms
[2018-07-11 15:33:15.668] [INFO] admin - GET 304 /images/index04.png 3 ms
[2018-07-11 15:33:15.671] [INFO] admin - GET 304 /fonts/mui.ttf 4 ms
[2018-07-11 15:33:15.673] [INFO] admin - GET 304 /images/index05.png 3 ms
[2018-07-11 15:33:15.676] [INFO] admin - GET 304 /images/index06.png 3 ms
[2018-07-11 15:33:15.679] [INFO] admin - GET 304 /images/index07.png 5 ms
[2018-07-11 15:33:15.681] [INFO] admin - GET 304 /images/index08.png 6 ms
[2018-07-11 15:33:15.682] [INFO] admin - GET 304 /images/voice.jpg 2 ms
[2018-07-11 15:33:15.683] [INFO] admin - GET 304 /images/product05.jpg 2 ms
[2018-07-11 15:33:15.686] [INFO] admin - GET 304 /images/product09.png 2 ms
[2018-07-11 15:33:15.687] [INFO] admin - GET 304 /images/product08.png 1 ms
[2018-07-11 15:33:15.688] [INFO] admin - GET 304 /images/product10.png 2 ms
[2018-07-11 15:33:15.689] [INFO] admin - GET 304 /images/product11.png 1 ms
[2018-07-11 15:33:15.693] [INFO] admin - GET 304 /images/live.png 1 ms
[2018-07-11 15:33:15.694] [INFO] admin - GET 304 /images/product12.jpg 1 ms
[2018-07-11 15:36:15.876] [INFO] admin - GET 304 /sosou.html 2 ms
[2018-07-11 15:36:15.939] [INFO] admin - GET 304 /css/mui.min.css 3 ms
[2018-07-11 15:36:15.948] [INFO] admin - GET 304 /css/style.css 7 ms
[2018-07-11 15:36:15.955] [INFO] admin - GET 304 /js/mui.min.js 5 ms
[2018-07-11 15:36:15.962] [INFO] admin - GET 304 /js/style.js 2 ms
[2018-07-11 15:36:15.963] [INFO] admin - GET 304 /images/top_arrowleft.png 3 ms
[2018-07-11 15:36:15.976] [INFO] admin - GET 304 /fonts/mui.ttf 1 ms
[2018-07-11 15:36:25.916] [INFO] admin - GET 304 /sosou.html 1 ms
[2018-07-11 15:36:25.971] [INFO] admin - GET 304 /css/mui.min.css 1 ms
[2018-07-11 15:36:25.971] [INFO] admin - GET 304 /css/style.css 2 ms
[2018-07-11 15:36:25.978] [INFO] admin - GET 304 /js/mui.min.js 1 ms
[2018-07-11 15:36:25.986] [INFO] admin - GET 304 /js/style.js 1 ms
[2018-07-11 15:36:25.989] [INFO] admin - GET 304 /images/top_arrowleft.png 1 ms
[2018-07-11 15:36:26.000] [INFO] admin - GET 304 /fonts/mui.ttf 1 ms
[2018-07-11 15:36:27.988] [INFO] admin - GET 304 /sosou.html 0 ms
[2018-07-11 15:36:28.070] [INFO] admin - GET 304 /css/mui.min.css 1 ms
[2018-07-11 15:36:28.071] [INFO] admin - GET 304 /css/style.css 3 ms
[2018-07-11 15:36:28.081] [INFO] admin - GET 304 /js/mui.min.js 2 ms
[2018-07-11 15:36:28.092] [INFO] admin - GET 304 /js/style.js 3 ms
[2018-07-11 15:36:28.105] [INFO] admin - GET 304 /images/top_arrowleft.png 1 ms
[2018-07-11 15:36:28.135] [INFO] admin - GET 304 /fonts/mui.ttf 2 ms
[2018-07-11 15:36:29.081] [INFO] admin - GET 304 /sosou.html 1 ms
[2018-07-11 15:36:29.145] [INFO] admin - GET 304 /css/mui.min.css 2 ms
[2018-07-11 15:36:29.151] [INFO] admin - GET 304 /css/style.css 7 ms
[2018-07-11 15:36:29.162] [INFO] admin - GET 304 /js/mui.min.js 0 ms
[2018-07-11 15:36:29.172] [INFO] admin - GET 304 /js/style.js 1 ms
[2018-07-11 15:36:29.182] [INFO] admin - GET 304 /images/top_arrowleft.png 1 ms
[2018-07-11 15:36:29.222] [INFO] admin - GET 304 /fonts/mui.ttf 1 ms
[2018-07-11 15:36:29.258] [INFO] admin - GET 304 /sosou.html 1 ms
[2018-07-11 15:36:29.289] [INFO] admin - GET 304 /css/mui.min.css 2 ms
[2018-07-11 15:36:29.290] [INFO] admin - GET 304 /css/style.css 2 ms
[2018-07-11 15:36:29.297] [INFO] admin - GET 304 /js/mui.min.js 2 ms
[2018-07-11 15:36:29.303] [INFO] admin - GET 304 /js/style.js 1 ms
[2018-07-11 15:36:29.305] [INFO] admin - GET 304 /images/top_arrowleft.png 1 ms
[2018-07-11 15:36:29.314] [INFO] admin - GET 304 /fonts/mui.ttf 2 ms
[2018-07-11 15:36:29.513] [INFO] admin - GET 304 /sosou.html 2 ms
[2018-07-11 15:36:29.592] [INFO] admin - GET 304 /css/mui.min.css 3 ms
[2018-07-11 15:36:29.594] [INFO] admin - GET 304 /css/style.css 3 ms
[2018-07-11 15:36:29.602] [INFO] admin - GET 304 /js/mui.min.js 2 ms
[2018-07-11 15:36:29.611] [INFO] admin - GET 304 /js/style.js 3 ms
[2018-07-11 15:36:29.619] [INFO] admin - GET 304 /images/top_arrowleft.png 2 ms
[2018-07-11 15:36:29.638] [INFO] admin - GET 304 /fonts/mui.ttf 1 ms
[2018-07-11 15:36:29.672] [INFO] admin - GET 304 /sosou.html 2 ms
[2018-07-11 15:36:29.707] [INFO] admin - GET 304 /css/mui.min.css 1 ms
[2018-07-11 15:36:29.711] [INFO] admin - GET 304 /css/style.css 5 ms
[2018-07-11 15:36:29.716] [INFO] admin - GET 304 /js/mui.min.js 1 ms
[2018-07-11 15:36:29.723] [INFO] admin - GET 304 /js/style.js 2 ms
[2018-07-11 15:36:29.726] [INFO] admin - GET 304 /images/top_arrowleft.png 1 ms
[2018-07-11 15:36:29.740] [INFO] admin - GET 304 /fonts/mui.ttf 2 ms
[2018-07-11 15:36:29.888] [INFO] admin - GET 304 /sosou.html 1 ms
[2018-07-11 15:36:29.960] [INFO] admin - GET 304 /css/mui.min.css 2 ms
[2018-07-11 15:36:29.961] [INFO] admin - GET 304 /css/style.css 3 ms
[2018-07-11 15:36:29.969] [INFO] admin - GET 304 /js/mui.min.js 1 ms
[2018-07-11 15:36:29.974] [INFO] admin - GET 304 /js/style.js 0 ms
[2018-07-11 15:36:29.980] [INFO] admin - GET 304 /images/top_arrowleft.png 0 ms
[2018-07-11 15:36:30.002] [INFO] admin - GET 304 /fonts/mui.ttf 1 ms
[2018-07-11 15:36:31.562] [INFO] admin - GET 304 /sosou.html 2 ms
[2018-07-11 15:36:31.634] [INFO] admin - GET 304 /css/mui.min.css 2 ms
[2018-07-11 15:36:31.635] [INFO] admin - GET 304 /css/style.css 2 ms
[2018-07-11 15:36:31.647] [INFO] admin - GET 304 /js/mui.min.js 0 ms
[2018-07-11 15:36:31.657] [INFO] admin - GET 304 /js/style.js 0 ms
[2018-07-11 15:36:31.666] [INFO] admin - GET 304 /images/top_arrowleft.png 1 ms
[2018-07-11 15:36:31.725] [INFO] admin - GET 304 /fonts/mui.ttf 1 ms
[2018-07-11 15:36:40.453] [INFO] admin - GET 200 /nutrition.html 23 ms
[2018-07-11 15:36:40.522] [INFO] admin - GET 200 /css/nutrition.css 4 ms
[2018-07-11 15:36:40.546] [INFO] admin - GET 304 /css/mui.min.css 5 ms
[2018-07-11 15:36:40.548] [INFO] admin - GET 304 /css/style.css 3 ms
[2018-07-11 15:36:40.550] [INFO] admin - GET 304 /js/mui.min.js 4 ms
[2018-07-11 15:36:40.560] [INFO] admin - GET 200 /images/top_right.png 3 ms
[2018-07-11 15:36:40.563] [INFO] admin - GET 304 /js/style.js 2 ms
[2018-07-11 15:36:40.565] [INFO] admin - GET 304 /images/top_arrowleft.png 2 ms
[2018-07-11 15:36:40.583] [INFO] admin - GET 304 /images/index.png 9 ms
[2018-07-11 15:36:40.587] [INFO] admin - GET 304 /images/shopping_lax.png 10 ms
[2018-07-11 15:36:40.588] [INFO] admin - GET 304 /images/word.png 3 ms
[2018-07-11 15:36:40.590] [INFO] admin - GET 304 /images/system.png 4 ms
[2018-07-11 15:36:40.593] [INFO] admin - GET 200 /images/bottom.png 8 ms
[2018-07-11 15:36:40.595] [INFO] admin - GET 200 /images/product02.jpg 9 ms
[2018-07-11 15:36:40.597] [INFO] admin - GET 200 /images/product03.jpg 7 ms
[2018-07-11 15:36:40.613] [INFO] admin - GET 200 /images/product04.jpg 1 ms
[2018-07-11 15:36:40.616] [INFO] admin - GET 200 /images/product13.jpg 2 ms
[2018-07-11 15:36:40.617] [INFO] admin - GET 304 /fonts/mui.ttf 1 ms
[2018-07-11 15:36:40.980] [INFO] admin - GET 304 /product_info.html 1 ms
[2018-07-11 15:36:41.062] [INFO] admin - GET 304 /css/mui.min.css 1 ms
[2018-07-11 15:36:41.066] [INFO] admin - GET 304 /css/style.css 6 ms
[2018-07-11 15:36:41.068] [INFO] admin - GET 304 /css/product.css 6 ms
[2018-07-11 15:36:41.069] [INFO] admin - GET 304 /js/mui.min.js 6 ms
[2018-07-11 15:36:41.087] [INFO] admin - GET 304 /js/style.js 5 ms
[2018-07-11 15:36:41.089] [INFO] admin - GET 304 /images/top_arrowleft.png 6 ms
[2018-07-11 15:36:41.089] [INFO] admin - GET 304 /images/product.jpg 5 ms
[2018-07-11 15:36:41.091] [INFO] admin - GET 304 /images/img.png 7 ms
[2018-07-11 15:36:41.091] [INFO] admin - GET 304 /images/product_title.jpg 5 ms
[2018-07-11 15:36:41.091] [INFO] admin - GET 304 /images/store.png 5 ms
[2018-07-11 15:36:41.097] [INFO] admin - GET 304 /images/shopping_lax.png 0 ms
[2018-07-11 15:36:41.135] [INFO] admin - GET 304 /fonts/mui.ttf 1 ms
[2018-07-11 15:38:43.028] [INFO] admin - GET 304 /nutrition.html 2 ms
[2018-07-11 15:38:43.150] [INFO] admin - GET 304 /css/mui.min.css 2 ms
[2018-07-11 15:38:43.154] [INFO] admin - GET 304 /css/style.css 1 ms
[2018-07-11 15:38:43.157] [INFO] admin - GET 304 /css/nutrition.css 2 ms
[2018-07-11 15:38:43.159] [INFO] admin - GET 304 /js/mui.min.js 3 ms
[2018-07-11 15:38:43.166] [INFO] admin - GET 304 /js/style.js 0 ms
[2018-07-11 15:38:43.168] [INFO] admin - GET 304 /images/top_arrowleft.png 0 ms
[2018-07-11 15:38:43.168] [INFO] admin - GET 304 /images/top_right.png 1 ms
[2018-07-11 15:38:43.169] [INFO] admin - GET 304 /images/index.png 1 ms
[2018-07-11 15:38:43.173] [INFO] admin - GET 304 /images/shopping_lax.png 1 ms
[2018-07-11 15:38:43.174] [INFO] admin - GET 304 /images/word.png 1 ms
[2018-07-11 15:38:43.185] [INFO] admin - GET 304 /images/system.png 6 ms
[2018-07-11 15:38:43.191] [INFO] admin - GET 304 /images/bottom.png 6 ms
[2018-07-11 15:38:43.192] [INFO] admin - GET 304 /images/product02.jpg 6 ms
[2018-07-11 15:38:43.192] [INFO] admin - GET 304 /images/product03.jpg 6 ms
[2018-07-11 15:38:43.192] [INFO] admin - GET 304 /images/product04.jpg 6 ms
[2018-07-11 15:38:43.193] [INFO] admin - GET 304 /images/product13.jpg 7 ms
[2018-07-11 15:38:43.193] [INFO] admin - GET 304 /fonts/mui.ttf 0 ms
[2018-07-11 15:38:45.271] [INFO] admin - GET 304 /nutrition.html 2 ms
[2018-07-11 15:38:45.390] [INFO] admin - GET 304 /css/mui.min.css 2 ms
[2018-07-11 15:38:45.392] [INFO] admin - GET 304 /css/style.css 3 ms
[2018-07-11 15:38:45.393] [INFO] admin - GET 304 /css/nutrition.css 4 ms
[2018-07-11 15:38:45.395] [INFO] admin - GET 304 /js/mui.min.js 2 ms
[2018-07-11 15:38:45.423] [INFO] admin - GET 304 /js/style.js 3 ms
[2018-07-11 15:38:45.424] [INFO] admin - GET 304 /images/top_arrowleft.png 3 ms
[2018-07-11 15:38:45.427] [INFO] admin - GET 304 /images/top_right.png 4 ms
[2018-07-11 15:38:45.428] [INFO] admin - GET 304 /images/index.png 3 ms
[2018-07-11 15:38:45.429] [INFO] admin - GET 304 /images/word.png 4 ms
[2018-07-11 15:38:45.431] [INFO] admin - GET 304 /images/shopping_lax.png 5 ms
[2018-07-11 15:38:45.442] [INFO] admin - GET 304 /images/system.png 3 ms
[2018-07-11 15:38:45.446] [INFO] admin - GET 304 /images/bottom.png 7 ms
[2018-07-11 15:38:45.447] [INFO] admin - GET 304 /images/product02.jpg 7 ms
[2018-07-11 15:38:45.448] [INFO] admin - GET 304 /images/product03.jpg 8 ms
[2018-07-11 15:38:45.450] [INFO] admin - GET 304 /images/product04.jpg 9 ms
[2018-07-11 15:38:45.453] [INFO] admin - GET 304 /images/product13.jpg 4 ms
[2018-07-11 15:38:45.455] [INFO] admin - GET 304 /fonts/mui.ttf 2 ms
[2018-07-11 15:38:46.451] [INFO] admin - GET 304 /nutrition.html 2 ms
[2018-07-11 15:38:46.515] [INFO] admin - GET 304 /css/mui.min.css 2 ms
[2018-07-11 15:38:46.516] [INFO] admin - GET 304 /css/style.css 2 ms
[2018-07-11 15:38:46.518] [INFO] admin - GET 304 /css/nutrition.css 3 ms
[2018-07-11 15:38:46.552] [INFO] admin - GET 304 /js/mui.min.js 2 ms
[2018-07-11 15:38:46.554] [INFO] admin - GET 304 /js/style.js 2 ms
[2018-07-11 15:38:46.558] [INFO] admin - GET 304 /images/top_arrowleft.png 7 ms
[2018-07-11 15:38:46.560] [INFO] admin - GET 304 /images/top_right.png 6 ms
[2018-07-11 15:38:46.561] [INFO] admin - GET 304 /images/index.png 6 ms
[2018-07-11 15:38:46.574] [INFO] admin - GET 304 /images/shopping_lax.png 19 ms
[2018-07-11 15:38:46.579] [INFO] admin - GET 304 /images/word.png 4 ms
[2018-07-11 15:38:46.580] [INFO] admin - GET 304 /images/system.png 4 ms
[2018-07-11 15:38:46.581] [INFO] admin - GET 304 /images/bottom.png 5 ms
[2018-07-11 15:38:46.581] [INFO] admin - GET 304 /images/product02.jpg 4 ms
[2018-07-11 15:38:46.582] [INFO] admin - GET 304 /images/product03.jpg 4 ms
[2018-07-11 15:38:46.583] [INFO] admin - GET 304 /images/product04.jpg 1 ms
[2018-07-11 15:38:46.593] [INFO] admin - GET 304 /images/product13.jpg 1 ms
[2018-07-11 15:38:46.596] [INFO] admin - GET 304 /fonts/mui.ttf 1 ms
[2018-07-11 15:38:47.506] [INFO] admin - GET 304 /nutrition.html 2 ms
[2018-07-11 15:38:47.596] [INFO] admin - GET 304 /css/mui.min.css 1 ms
[2018-07-11 15:38:47.598] [INFO] admin - GET 304 /css/style.css 2 ms
[2018-07-11 15:38:47.599] [INFO] admin - GET 304 /css/nutrition.css 2 ms
[2018-07-11 15:38:47.601] [INFO] admin - GET 304 /js/mui.min.js 3 ms
[2018-07-11 15:38:47.610] [INFO] admin - GET 304 /js/style.js 2 ms
[2018-07-11 15:38:47.611] [INFO] admin - GET 304 /images/top_arrowleft.png 3 ms
[2018-07-11 15:38:47.614] [INFO] admin - GET 304 /images/top_right.png 4 ms
[2018-07-11 15:38:47.615] [INFO] admin - GET 304 /images/index.png 3 ms
[2018-07-11 15:38:47.617] [INFO] admin - GET 304 /images/shopping_lax.png 4 ms
[2018-07-11 15:38:47.618] [INFO] admin - GET 304 /images/word.png 3 ms
[2018-07-11 15:38:47.620] [INFO] admin - GET 304 /images/system.png 1 ms
[2018-07-11 15:38:47.622] [INFO] admin - GET 304 /images/bottom.png 1 ms
[2018-07-11 15:38:47.627] [INFO] admin - GET 304 /images/product02.jpg 2 ms
[2018-07-11 15:38:47.628] [INFO] admin - GET 304 /images/product03.jpg 3 ms
[2018-07-11 15:38:47.630] [INFO] admin - GET 304 /images/product04.jpg 3 ms
[2018-07-11 15:38:47.631] [INFO] admin - GET 304 /images/product13.jpg 5 ms
[2018-07-11 15:38:47.632] [INFO] admin - GET 304 /fonts/mui.ttf 0 ms
[2018-07-11 15:38:48.498] [INFO] admin - GET 304 /nutrition.html 2 ms
[2018-07-11 15:38:48.595] [INFO] admin - GET 304 /css/mui.min.css 5 ms
[2018-07-11 15:38:48.596] [INFO] admin - GET 304 /css/style.css 5 ms
[2018-07-11 15:38:48.598] [INFO] admin - GET 304 /css/nutrition.css 7 ms
[2018-07-11 15:38:48.599] [INFO] admin - GET 304 /js/mui.min.js 2 ms
[2018-07-11 15:38:48.614] [INFO] admin - GET 304 /js/style.js 1 ms
[2018-07-11 15:38:48.623] [INFO] admin - GET 304 /images/top_arrowleft.png 2 ms
[2018-07-11 15:38:48.625] [INFO] admin - GET 304 /images/top_right.png 3 ms
[2018-07-11 15:38:48.637] [INFO] admin - GET 304 /images/index.png 15 ms
[2018-07-11 15:38:48.639] [INFO] admin - GET 304 /images/shopping_lax.png 14 ms
[2018-07-11 15:38:48.641] [INFO] admin - GET 304 /images/word.png 15 ms
[2018-07-11 15:38:48.643] [INFO] admin - GET 304 /images/system.png 4 ms
[2018-07-11 15:38:48.645] [INFO] admin - GET 304 /images/bottom.png 2 ms
[2018-07-11 15:38:48.646] [INFO] admin - GET 304 /images/product02.jpg 4 ms
[2018-07-11 15:38:48.650] [INFO] admin - GET 304 /images/product03.jpg 2 ms
[2018-07-11 15:38:48.651] [INFO] admin - GET 304 /images/product04.jpg 4 ms
[2018-07-11 15:38:48.652] [INFO] admin - GET 304 /fonts/mui.ttf 4 ms
[2018-07-11 15:38:48.654] [INFO] admin - GET 304 /images/product13.jpg 0 ms
[2018-07-11 15:38:50.012] [INFO] admin - GET 304 /index.html 0 ms
[2018-07-11 15:38:50.086] [INFO] admin - GET 304 /css/mui.min.css 1 ms
[2018-07-11 15:38:50.088] [INFO] admin - GET 304 /css/style.css 1 ms
[2018-07-11 15:38:50.111] [INFO] admin - GET 304 /js/mui.min.js 1 ms
[2018-07-11 15:38:50.112] [INFO] admin - GET 304 /js/style.js 2 ms
[2018-07-11 15:38:50.114] [INFO] admin - GET 304 /images/sosou.png 4 ms
[2018-07-11 15:38:50.115] [INFO] admin - GET 304 /images/index.png 1 ms
[2018-07-11 15:38:50.116] [INFO] admin - GET 304 /images/shopping_lax.png 2 ms
[2018-07-11 15:38:50.116] [INFO] admin - GET 304 /images/word.png 1 ms
[2018-07-11 15:38:50.126] [INFO] admin - GET 304 /images/system.png 1 ms
[2018-07-11 15:38:50.137] [INFO] admin - GET 304 /images/banner.jpg 11 ms
[2018-07-11 15:38:50.137] [INFO] admin - GET 304 /images/index01.png 11 ms
[2018-07-11 15:38:50.139] [INFO] admin - GET 304 /images/index02.png 12 ms
[2018-07-11 15:38:50.141] [INFO] admin - GET 304 /images/index03.png 3 ms
[2018-07-11 15:38:50.142] [INFO] admin - GET 304 /images/index04.png 3 ms
[2018-07-11 15:38:50.143] [INFO] admin - GET 304 /fonts/mui.ttf 3 ms
[2018-07-11 15:38:50.146] [INFO] admin - GET 304 /images/index05.png 1 ms
[2018-07-11 15:38:50.147] [INFO] admin - GET 304 /images/index06.png 1 ms
[2018-07-11 15:38:50.163] [INFO] admin - GET 304 /images/index07.png 7 ms
[2018-07-11 15:38:50.163] [INFO] admin - GET 304 /images/index08.png 5 ms
[2018-07-11 15:38:50.164] [INFO] admin - GET 304 /images/voice.jpg 6 ms
[2018-07-11 15:38:50.166] [INFO] admin - GET 304 /images/product05.jpg 7 ms
[2018-07-11 15:38:50.169] [INFO] admin - GET 304 /images/product09.png 9 ms
[2018-07-11 15:38:50.169] [INFO] admin - GET 304 /images/product08.png 9 ms
[2018-07-11 15:38:50.170] [INFO] admin - GET 304 /images/product11.png 0 ms
[2018-07-11 15:38:50.171] [INFO] admin - GET 304 /images/product10.png 1 ms
[2018-07-11 15:38:50.173] [INFO] admin - GET 304 /images/live.png 0 ms
[2018-07-11 15:38:50.174] [INFO] admin - GET 304 /images/product12.jpg 0 ms
[2018-07-11 15:40:42.957] [INFO] admin - GET 200 /data.html 25 ms
[2018-07-11 15:40:43.018] [INFO] admin - GET 304 /css/mui.min.css 1 ms
[2018-07-11 15:40:43.019] [INFO] admin - GET 304 /css/style.css 1 ms
[2018-07-11 15:40:43.019] [INFO] admin - GET 304 /js/mui.min.js 1 ms
[2018-07-11 15:40:43.028] [INFO] admin - GET 304 /js/style.js 0 ms
[2018-07-11 15:40:43.031] [INFO] admin - GET 304 /images/top_arrowleft.png 1 ms
[2018-07-11 15:40:43.031] [INFO] admin - GET 200 /images/top_03.jpg 1 ms
[2018-07-11 15:40:43.079] [INFO] admin - GET 304 /fonts/mui.ttf 2 ms
[2018-07-11 15:43:14.225] [INFO] admin - GET 304 /data.html 2 ms
[2018-07-11 15:43:14.304] [INFO] admin - GET 304 /css/mui.min.css 1 ms
[2018-07-11 15:43:14.309] [INFO] admin - GET 304 /css/style.css 3 ms
[2018-07-11 15:43:14.312] [INFO] admin - GET 304 /js/mui.min.js 1 ms
[2018-07-11 15:43:14.323] [INFO] admin - GET 304 /js/style.js 9 ms
[2018-07-11 15:43:14.325] [INFO] admin - GET 304 /images/top_arrowleft.png 9 ms
[2018-07-11 15:43:14.330] [INFO] admin - GET 304 /images/top_03.jpg 5 ms
[2018-07-11 15:43:14.367] [INFO] admin - GET 304 /fonts/mui.ttf 2 ms
[2018-07-11 15:44:27.365] [INFO] admin - GET 200 / 3 ms
[2018-07-11 15:44:27.413] [INFO] admin - GET 304 /css/mui.min.css 1 ms
[2018-07-11 15:44:27.418] [INFO] admin - GET 304 /css/style.css 2 ms
[2018-07-11 15:44:27.419] [INFO] admin - GET 304 /js/mui.min.js 2 ms
[2018-07-11 15:44:27.429] [INFO] admin - GET 304 /js/style.js 1 ms
[2018-07-11 15:44:27.432] [INFO] admin - GET 304 /images/sosou.png 1 ms
[2018-07-11 15:44:27.434] [INFO] admin - GET 304 /images/index.png 3 ms
[2018-07-11 15:44:27.438] [INFO] admin - GET 304 /images/shopping_lax.png 3 ms
[2018-07-11 15:44:27.440] [INFO] admin - GET 304 /images/word.png 5 ms
[2018-07-11 15:44:27.448] [INFO] admin - GET 304 /images/system.png 13 ms
[2018-07-11 15:44:27.451] [INFO] admin - GET 304 /images/banner.jpg 15 ms
[2018-07-11 15:44:27.464] [INFO] admin - GET 304 /images/index01.png 16 ms
[2018-07-11 15:44:27.465] [INFO] admin - GET 304 /images/index02.png 13 ms
[2018-07-11 15:44:27.465] [INFO] admin - GET 304 /images/index03.png 13 ms
[2018-07-11 15:44:27.466] [INFO] admin - GET 304 /images/index04.png 14 ms
[2018-07-11 15:44:27.468] [INFO] admin - GET 304 /images/index05.png 1 ms
[2018-07-11 15:44:27.469] [INFO] admin - GET 304 /images/index06.png 2 ms
[2018-07-11 15:44:27.473] [INFO] admin - GET 304 /images/index07.png 1 ms
[2018-07-11 15:44:27.474] [INFO] admin - GET 304 /images/index08.png 1 ms
[2018-07-11 15:44:27.476] [INFO] admin - GET 304 /images/voice.jpg 1 ms
[2018-07-11 15:44:27.476] [INFO] admin - GET 304 /images/product05.jpg 1 ms
[2018-07-11 15:44:27.480] [INFO] admin - GET 304 /images/product09.png 4 ms
[2018-07-11 15:44:27.480] [INFO] admin - GET 304 /images/product08.png 3 ms
[2018-07-11 15:44:27.482] [INFO] admin - GET 304 /images/product10.png 1 ms
[2018-07-11 15:44:27.484] [INFO] admin - GET 304 /images/product11.png 0 ms
[2018-07-11 15:44:27.485] [INFO] admin - GET 304 /images/live.png 1 ms
[2018-07-11 15:44:27.487] [INFO] admin - GET 304 /images/product12.jpg 1 ms
[2018-07-11 15:44:27.518] [INFO] admin - GET 304 /fonts/mui.ttf 1 ms
[2018-07-11 15:44:34.524] [INFO] admin - GET 200 /shopping_cart.html 3 ms
[2018-07-11 15:44:34.609] [INFO] admin - GET 304 /css/mui.min.css 2 ms
[2018-07-11 15:44:34.611] [INFO] admin - GET 304 /css/style.css 1 ms
[2018-07-11 15:44:34.614] [INFO] admin - GET 200 /css/cart.css 4 ms
[2018-07-11 15:44:34.623] [INFO] admin - GET 304 /js/mui.min.js 2 ms
[2018-07-11 15:44:34.630] [INFO] admin - GET 304 /js/style.js 1 ms
[2018-07-11 15:44:34.638] [INFO] admin - GET 304 /images/top_arrowleft.png 2 ms
[2018-07-11 15:44:34.644] [INFO] admin - GET 304 /images/product11.png 1 ms
[2018-07-11 15:44:34.702] [INFO] admin - GET 304 /fonts/mui.ttf 1 ms
[2018-07-11 15:45:09.808] [INFO] admin - GET 304 /all.html 1 ms
[2018-07-11 15:45:09.881] [INFO] admin - GET 304 /css/mui.min.css 2 ms
[2018-07-11 15:45:09.882] [INFO] admin - GET 304 /css/style.css 2 ms
[2018-07-11 15:45:09.897] [INFO] admin - GET 304 /js/mui.min.js 1 ms
[2018-07-11 15:45:09.906] [INFO] admin - GET 304 /js/style.js 1 ms
[2018-07-11 15:45:09.914] [INFO] admin - GET 304 /images/top_arrowleft.png 2 ms
[2018-07-11 15:45:09.920] [INFO] admin - GET 304 /images/classify.jpg 5 ms
[2018-07-11 15:45:09.923] [INFO] admin - GET 304 /images/classify01.jpg 4 ms
[2018-07-11 15:45:09.924] [INFO] admin - GET 304 /images/classify02.jpg 5 ms
[2018-07-11 15:45:09.925] [INFO] admin - GET 304 /images/classify04.jpg 4 ms
[2018-07-11 15:45:09.933] [INFO] admin - GET 304 /images/classify05.jpg 12 ms
[2018-07-11 15:45:09.938] [INFO] admin - GET 304 /images/classify06.jpg 3 ms
[2018-07-11 15:45:09.940] [INFO] admin - GET 304 /images/classify07.jpg 4 ms
[2018-07-11 15:45:09.941] [INFO] admin - GET 304 /images/classify08.jpg 5 ms
[2018-07-11 15:45:14.409] [INFO] admin - GET 304 /fonts/mui.ttf 1 ms
[2018-07-11 15:45:22.675] [INFO] admin - GET 304 /nutrition.html 2 ms
[2018-07-11 15:45:22.741] [INFO] admin - GET 304 /css/mui.min.css 1 ms
[2018-07-11 15:45:22.744] [INFO] admin - GET 304 /css/style.css 1 ms
[2018-07-11 15:45:22.745] [INFO] admin - GET 304 /css/nutrition.css 3 ms
[2018-07-11 15:45:22.746] [INFO] admin - GET 304 /js/mui.min.js 3 ms
[2018-07-11 15:45:22.756] [INFO] admin - GET 304 /js/style.js 1 ms
[2018-07-11 15:45:22.760] [INFO] admin - GET 304 /images/top_arrowleft.png 3 ms
[2018-07-11 15:45:22.761] [INFO] admin - GET 304 /images/top_right.png 3 ms
[2018-07-11 15:45:22.765] [INFO] admin - GET 304 /images/index.png 7 ms
[2018-07-11 15:45:22.766] [INFO] admin - GET 304 /images/shopping_lax.png 7 ms
[2018-07-11 15:45:22.767] [INFO] admin - GET 304 /images/word.png 8 ms
[2018-07-11 15:45:22.771] [INFO] admin - GET 304 /images/system.png 3 ms
[2018-07-11 15:45:22.777] [INFO] admin - GET 304 /images/bottom.png 1 ms
[2018-07-11 15:45:22.784] [INFO] admin - GET 304 /images/product02.jpg 2 ms
[2018-07-11 15:45:22.785] [INFO] admin - GET 304 /images/product03.jpg 4 ms
[2018-07-11 15:45:22.787] [INFO] admin - GET 304 /images/product04.jpg 4 ms
[2018-07-11 15:45:22.788] [INFO] admin - GET 304 /images/product13.jpg 6 ms
[2018-07-11 15:45:22.790] [INFO] admin - GET 304 /fonts/mui.ttf 2 ms
[2018-07-11 15:45:22.942] [INFO] admin - GET 304 /product_info.html 2 ms
[2018-07-11 15:45:22.983] [INFO] admin - GET 304 /css/mui.min.css 0 ms
[2018-07-11 15:45:22.985] [INFO] admin - GET 304 /css/style.css 1 ms
[2018-07-11 15:45:22.985] [INFO] admin - GET 304 /css/product.css 1 ms
[2018-07-11 15:45:22.986] [INFO] admin - GET 304 /js/mui.min.js 1 ms
[2018-07-11 15:45:22.995] [INFO] admin - GET 304 /js/style.js 1 ms
[2018-07-11 15:45:22.996] [INFO] admin - GET 304 /images/top_arrowleft.png 0 ms
[2018-07-11 15:45:22.997] [INFO] admin - GET 304 /images/product.jpg 1 ms
[2018-07-11 15:45:22.997] [INFO] admin - GET 304 /images/img.png 1 ms
[2018-07-11 15:45:22.998] [INFO] admin - GET 304 /images/product_title.jpg 2 ms
[2018-07-11 15:45:22.998] [INFO] admin - GET 304 /images/store.png 1 ms
[2018-07-11 15:45:23.001] [INFO] admin - GET 304 /images/shopping_lax.png 1 ms
[2018-07-11 15:45:23.016] [INFO] admin - GET 304 /fonts/mui.ttf 0 ms
[2018-07-11 15:46:55.778] [INFO] admin - GET 304 /sosou.html 0 ms
[2018-07-11 15:46:55.868] [INFO] admin - GET 304 /css/mui.min.css 1 ms
[2018-07-11 15:46:55.870] [INFO] admin - GET 304 /css/style.css 0 ms
[2018-07-11 15:46:55.881] [INFO] admin - GET 304 /js/mui.min.js 4 ms
[2018-07-11 15:46:55.889] [INFO] admin - GET 304 /js/style.js 1 ms
[2018-07-11 15:46:55.897] [INFO] admin - GET 304 /images/top_arrowleft.png 1 ms
[2018-07-11 15:46:55.933] [INFO] admin - GET 304 /fonts/mui.ttf 0 ms
[2018-07-11 15:47:21.343] [INFO] admin - GET 304 / 2 ms
[2018-07-11 15:47:21.413] [INFO] admin - GET 304 /css/mui.min.css 2 ms
[2018-07-11 15:47:21.415] [INFO] admin - GET 304 /css/style.css 2 ms
[2018-07-11 15:47:21.415] [INFO] admin - GET 304 /js/mui.min.js 3 ms
[2018-07-11 15:47:21.425] [INFO] admin - GET 304 /js/style.js 1 ms
[2018-07-11 15:47:21.431] [INFO] admin - GET 304 /images/sosou.png 2 ms
[2018-07-11 15:47:21.432] [INFO] admin - GET 304 /images/index.png 3 ms
[2018-07-11 15:47:21.433] [INFO] admin - GET 304 /images/shopping_lax.png 4 ms
[2018-07-11 15:47:21.435] [INFO] admin - GET 304 /images/word.png 5 ms
[2018-07-11 15:47:21.438] [INFO] admin - GET 304 /images/system.png 3 ms
[2018-07-11 15:47:21.439] [INFO] admin - GET 304 /images/banner.jpg 3 ms
[2018-07-11 15:47:21.450] [INFO] admin - GET 304 /images/index01.png 1 ms
[2018-07-11 15:47:21.452] [INFO] admin - GET 304 /images/index02.png 2 ms
[2018-07-11 15:47:21.462] [INFO] admin - GET 304 /images/index03.png 12 ms
[2018-07-11 15:47:21.463] [INFO] admin - GET 304 /images/index04.png 11 ms
[2018-07-11 15:47:21.464] [INFO] admin - GET 304 /images/index05.png 12 ms
[2018-07-11 15:47:21.468] [INFO] admin - GET 304 /images/index06.png 15 ms
[2018-07-11 15:47:21.471] [INFO] admin - GET 304 /images/index07.png 2 ms
[2018-07-11 15:47:21.471] [INFO] admin - GET 304 /images/index08.png 2 ms
[2018-07-11 15:47:21.472] [INFO] admin - GET 304 /fonts/mui.ttf 1 ms
[2018-07-11 15:47:21.473] [INFO] admin - GET 304 /images/voice.jpg 1 ms
[2018-07-11 15:47:21.473] [INFO] admin - GET 304 /images/product05.jpg 1 ms
[2018-07-11 15:47:21.474] [INFO] admin - GET 304 /images/product09.png 0 ms
[2018-07-11 15:47:21.481] [INFO] admin - GET 304 /images/product08.png 0 ms
[2018-07-11 15:47:21.483] [INFO] admin - GET 304 /images/product10.png 0 ms
[2018-07-11 15:47:21.483] [INFO] admin - GET 304 /images/product11.png 1 ms
[2018-07-11 15:47:21.483] [INFO] admin - GET 304 /images/live.png 1 ms
[2018-07-11 15:47:21.484] [INFO] admin - GET 304 /images/product12.jpg 2 ms
[2018-07-11 15:47:21.553] [INFO] admin - GET 200 /favicon.ico 3 ms
[2018-07-11 15:47:25.402] [INFO] admin - GET 304 / 2 ms
[2018-07-11 15:47:25.491] [INFO] admin - GET 304 /css/mui.min.css 2 ms
[2018-07-11 15:47:25.506] [INFO] admin - GET 304 /css/style.css 2 ms
[2018-07-11 15:47:25.507] [INFO] admin - GET 304 /js/mui.min.js 2 ms
[2018-07-11 15:47:25.519] [INFO] admin - GET 304 /js/style.js 2 ms
[2018-07-11 15:47:25.521] [INFO] admin - GET 304 /images/sosou.png 2 ms
[2018-07-11 15:47:25.524] [INFO] admin - GET 304 /images/index.png 3 ms
[2018-07-11 15:47:25.525] [INFO] admin - GET 304 /images/shopping_lax.png 2 ms
[2018-07-11 15:47:25.526] [INFO] admin - GET 304 /images/word.png 3 ms
[2018-07-11 15:47:25.527] [INFO] admin - GET 304 /images/system.png 4 ms
[2018-07-11 15:47:25.538] [INFO] admin - GET 304 /images/banner.jpg 3 ms
[2018-07-11 15:47:25.539] [INFO] admin - GET 304 /images/index01.png 3 ms
[2018-07-11 15:47:25.541] [INFO] admin - GET 304 /images/index02.png 5 ms
[2018-07-11 15:47:25.542] [INFO] admin - GET 304 /images/index03.png 5 ms
[2018-07-11 15:47:25.544] [INFO] admin - GET 304 /images/index04.png 3 ms
[2018-07-11 15:47:25.545] [INFO] admin - GET 304 /images/index05.png 5 ms
[2018-07-11 15:47:25.551] [INFO] admin - GET 304 /fonts/mui.ttf 1 ms
[2018-07-11 15:47:25.553] [INFO] admin - GET 304 /images/index06.png 1 ms
[2018-07-11 15:47:25.554] [INFO] admin - GET 304 /images/index07.png 1 ms
[2018-07-11 15:47:25.555] [INFO] admin - GET 304 /images/index08.png 2 ms
[2018-07-11 15:47:25.556] [INFO] admin - GET 304 /images/voice.jpg 2 ms
[2018-07-11 15:47:25.556] [INFO] admin - GET 304 /images/product05.jpg 1 ms
[2018-07-11 15:47:25.563] [INFO] admin - GET 304 /images/product09.png 1 ms
[2018-07-11 15:47:25.564] [INFO] admin - GET 304 /images/product08.png 1 ms
[2018-07-11 15:47:25.565] [INFO] admin - GET 304 /images/product10.png 1 ms
[2018-07-11 15:47:25.566] [INFO] admin - GET 304 /images/product11.png 2 ms
[2018-07-11 15:47:25.567] [INFO] admin - GET 304 /images/live.png 2 ms
[2018-07-11 15:47:25.567] [INFO] admin - GET 304 /images/product12.jpg 1 ms
[2018-07-11 15:47:25.629] [INFO] admin - GET 200 /favicon.ico 3 ms
[2018-07-11 15:49:47.829] [INFO] admin - GET 200 / 3 ms
[2018-07-11 15:49:48.052] [INFO] admin - GET 200 /css/style.css 4 ms
[2018-07-11 15:49:48.054] [INFO] admin - GET 200 /css/mui.min.css 7 ms
[2018-07-11 15:49:48.068] [INFO] admin - GET 200 /js/mui.min.js 6 ms
[2018-07-11 15:49:48.073] [INFO] admin - GET 200 /js/style.js 2 ms
[2018-07-11 15:49:48.076] [INFO] admin - GET 200 /images/sosou.png 2 ms
[2018-07-11 15:49:48.079] [INFO] admin - GET 200 /images/index.png 1 ms
[2018-07-11 15:49:48.081] [INFO] admin - GET 200 /images/shopping_lax.png 1 ms
[2018-07-11 15:49:48.084] [INFO] admin - GET 200 /images/word.png 1 ms
[2018-07-11 15:49:48.087] [INFO] admin - GET 200 /images/system.png 1 ms
[2018-07-11 15:49:48.093] [INFO] admin - GET 200 /images/banner.jpg 4 ms
[2018-07-11 15:49:48.097] [INFO] admin - GET 200 /images/index01.png 1 ms
[2018-07-11 15:49:48.099] [INFO] admin - GET 200 /images/index02.png 1 ms
[2018-07-11 15:49:48.102] [INFO] admin - GET 200 /images/index03.png 1 ms
[2018-07-11 15:49:48.104] [INFO] admin - GET 200 /images/index04.png 1 ms
[2018-07-11 15:49:48.107] [INFO] admin - GET 200 /images/index05.png 1 ms
[2018-07-11 15:49:48.166] [INFO] admin - GET 200 /images/index06.png 2 ms
[2018-07-11 15:49:48.167] [INFO] admin - GET 200 /images/index07.png 2 ms
[2018-07-11 15:49:48.171] [INFO] admin - GET 200 /images/index08.png 3 ms
[2018-07-11 15:49:48.171] [INFO] admin - GET 200 /images/voice.jpg 3 ms
[2018-07-11 15:49:48.172] [INFO] admin - GET 200 /images/product05.jpg 3 ms
[2018-07-11 15:49:48.173] [INFO] admin - GET 200 /images/product09.png 3 ms
[2018-07-11 15:49:48.175] [INFO] admin - GET 200 /images/product08.png 2 ms
[2018-07-11 15:49:48.189] [INFO] admin - GET 200 /images/product10.png 5 ms
[2018-07-11 15:49:48.202] [INFO] admin - GET 200 /images/product11.png 2 ms
[2018-07-11 15:49:48.203] [INFO] admin - GET 200 /images/live.png 1 ms
[2018-07-11 15:49:48.207] [INFO] admin - GET 200 /images/product12.jpg 2 ms
[2018-07-11 15:49:48.310] [INFO] admin - GET 200 /fonts/mui.ttf 2 ms
[2018-07-11 15:49:48.414] [INFO] admin - GET 200 /favicon.ico 1 ms
[2018-07-11 15:49:51.121] [INFO] admin - GET 304 /css/mui.min.css 0 ms
[2018-07-11 15:49:51.122] [INFO] admin - GET 304 /css/style.css 0 ms
[2018-07-11 15:49:59.492] [INFO] admin - GET 200 / 4 ms
[2018-07-11 15:49:59.560] [INFO] admin - GET 304 /css/mui.min.css 1 ms
[2018-07-11 15:49:59.618] [INFO] admin - GET 304 /css/style.css 1 ms
[2018-07-11 15:49:59.621] [INFO] admin - GET 304 /js/mui.min.js 2 ms
[2018-07-11 15:49:59.633] [INFO] admin - GET 304 /js/style.js 2 ms
[2018-07-11 15:49:59.637] [INFO] admin - GET 304 /images/sosou.png 4 ms
[2018-07-11 15:49:59.639] [INFO] admin - GET 304 /images/index.png 6 ms
[2018-07-11 15:49:59.643] [INFO] admin - GET 304 /images/shopping_lax.png 3 ms
[2018-07-11 15:49:59.645] [INFO] admin - GET 304 /images/word.png 4 ms
[2018-07-11 15:49:59.646] [INFO] admin - GET 304 /images/system.png 5 ms
[2018-07-11 15:49:59.647] [INFO] admin - GET 304 /images/banner.jpg 6 ms
[2018-07-11 15:49:59.650] [INFO] admin - GET 304 /images/index01.png 1 ms
[2018-07-11 15:49:59.651] [INFO] admin - GET 304 /images/index02.png 3 ms
[2018-07-11 15:49:59.653] [INFO] admin - GET 304 /images/index03.png 2 ms
[2018-07-11 15:49:59.665] [INFO] admin - GET 304 /images/index04.png 0 ms
[2018-07-11 15:49:59.665] [INFO] admin - GET 304 /fonts/mui.ttf 0 ms
[2018-07-11 15:49:59.666] [INFO] admin - GET 304 /images/index05.png 1 ms
[2018-07-11 15:49:59.667] [INFO] admin - GET 304 /images/index06.png 1 ms
[2018-07-11 15:49:59.667] [INFO] admin - GET 304 /images/index07.png 1 ms
[2018-07-11 15:49:59.668] [INFO] admin - GET 304 /images/index08.png 1 ms
[2018-07-11 15:49:59.674] [INFO] admin - GET 304 /images/voice.jpg 0 ms
[2018-07-11 15:49:59.675] [INFO] admin - GET 304 /images/product05.jpg 0 ms
[2018-07-11 15:49:59.676] [INFO] admin - GET 304 /images/product09.png 0 ms
[2018-07-11 15:49:59.677] [INFO] admin - GET 304 /images/product08.png 1 ms
[2018-07-11 15:49:59.678] [INFO] admin - GET 304 /images/product10.png 0 ms
[2018-07-11 15:49:59.678] [INFO] admin - GET 304 /images/product11.png 0 ms
[2018-07-11 15:49:59.685] [INFO] admin - GET 304 /images/live.png 0 ms
[2018-07-11 15:49:59.687] [INFO] admin - GET 304 /images/product12.jpg 2 ms
[2018-07-11 15:49:59.745] [INFO] admin - GET 200 /favicon.ico 3 ms
[2018-07-11 15:50:29.432] [INFO] admin - GET 304 /sosou.html 2 ms
[2018-07-11 15:50:29.510] [INFO] admin - GET 304 /css/mui.min.css 1 ms
[2018-07-11 15:50:29.511] [INFO] admin - GET 304 /css/style.css 3 ms
[2018-07-11 15:50:29.524] [INFO] admin - GET 304 /js/mui.min.js 1 ms
[2018-07-11 15:50:29.534] [INFO] admin - GET 304 /js/style.js 2 ms
[2018-07-11 15:50:29.543] [INFO] admin - GET 304 /images/top_arrowleft.png 1 ms
[2018-07-11 15:50:29.581] [INFO] admin - GET 304 /fonts/mui.ttf 1 ms
[2018-07-11 15:51:36.000] [INFO] admin - GET 200 / 1 ms
[2018-07-11 15:51:36.028] [INFO] admin - GET 200 /css/mui.min.css 3 ms
[2018-07-11 15:51:36.030] [INFO] admin - GET 200 /css/style.css 4 ms
[2018-07-11 15:51:36.045] [INFO] admin - GET 200 /js/mui.min.js 6 ms
[2018-07-11 15:51:36.051] [INFO] admin - GET 200 /js/style.js 1 ms
[2018-07-11 15:51:36.054] [INFO] admin - GET 200 /images/sosou.png 1 ms
[2018-07-11 15:51:36.058] [INFO] admin - GET 200 /images/index.png 2 ms
[2018-07-11 15:51:36.062] [INFO] admin - GET 200 /images/shopping_lax.png 1 ms
[2018-07-11 15:51:36.066] [INFO] admin - GET 200 /images/word.png 1 ms
[2018-07-11 15:51:36.071] [INFO] admin - GET 200 /images/system.png 2 ms
[2018-07-11 15:51:36.078] [INFO] admin - GET 200 /images/banner.jpg 3 ms
[2018-07-11 15:51:36.084] [INFO] admin - GET 200 /images/index01.png 2 ms
[2018-07-11 15:51:36.089] [INFO] admin - GET 200 /images/index02.png 2 ms
[2018-07-11 15:51:36.092] [INFO] admin - GET 200 /images/index03.png 1 ms
[2018-07-11 15:51:36.095] [INFO] admin - GET 200 /images/index04.png 1 ms
[2018-07-11 15:51:36.099] [INFO] admin - GET 200 /images/index05.png 1 ms
[2018-07-11 15:51:36.138] [INFO] admin - GET 200 /images/index06.png 2 ms
[2018-07-11 15:51:36.141] [INFO] admin - GET 200 /images/index07.png 1 ms
[2018-07-11 15:51:36.145] [INFO] admin - GET 200 /images/index08.png 2 ms
[2018-07-11 15:51:36.155] [INFO] admin - GET 200 /images/voice.jpg 4 ms
[2018-07-11 15:51:36.156] [INFO] admin - GET 200 /images/product05.jpg 5 ms
[2018-07-11 15:51:36.158] [INFO] admin - GET 200 /images/product08.png 5 ms
[2018-07-11 15:51:36.159] [INFO] admin - GET 200 /images/product10.png 6 ms
[2018-07-11 15:51:36.160] [INFO] admin - GET 200 /images/product09.png 8 ms
[2018-07-11 15:51:36.162] [INFO] admin - GET 200 /images/product11.png 8 ms
[2018-07-11 15:51:36.163] [INFO] admin - GET 200 /images/live.png 2 ms
[2018-07-11 15:51:36.174] [INFO] admin - GET 200 /images/product12.jpg 4 ms
[2018-07-11 15:51:36.231] [INFO] admin - GET 200 /fonts/mui.ttf 1 ms
[2018-07-11 15:51:43.192] [INFO] admin - GET 304 / 0 ms
[2018-07-11 15:51:43.248] [INFO] admin - GET 304 /css/mui.min.css 2 ms
[2018-07-11 15:51:43.249] [INFO] admin - GET 304 /css/style.css 2 ms
[2018-07-11 15:51:43.290] [INFO] admin - GET 304 /images/sosou.png 1 ms
[2018-07-11 15:51:43.295] [INFO] admin - GET 304 /js/mui.min.js 3 ms
[2018-07-11 15:51:43.297] [INFO] admin - GET 304 /js/style.js 3 ms
[2018-07-11 15:51:43.298] [INFO] admin - GET 304 /images/index.png 5 ms
[2018-07-11 15:51:43.299] [INFO] admin - GET 304 /images/shopping_lax.png 5 ms
[2018-07-11 15:51:43.302] [INFO] admin - GET 304 /images/word.png 2 ms
[2018-07-11 15:51:43.303] [INFO] admin - GET 304 /images/system.png 3 ms
[2018-07-11 15:51:43.310] [INFO] admin - GET 304 /images/banner.jpg 1 ms
[2018-07-11 15:51:43.327] [INFO] admin - GET 304 /images/index01.png 3 ms
[2018-07-11 15:51:43.328] [INFO] admin - GET 304 /images/index02.png 3 ms
[2018-07-11 15:51:43.330] [INFO] admin - GET 304 /images/index03.png 4 ms
[2018-07-11 15:51:43.339] [INFO] admin - GET 304 /images/index04.png 14 ms
[2018-07-11 15:51:43.340] [INFO] admin - GET 304 /images/index05.png 15 ms
[2018-07-11 15:51:43.341] [INFO] admin - GET 304 /images/index06.png 15 ms
[2018-07-11 15:51:43.343] [INFO] admin - GET 304 /fonts/mui.ttf 1 ms
[2018-07-11 15:51:43.344] [INFO] admin - GET 304 /images/index07.png 2 ms
[2018-07-11 15:51:43.344] [INFO] admin - GET 304 /images/index08.png 2 ms
[2018-07-11 15:51:43.348] [INFO] admin - GET 304 /images/voice.jpg 3 ms
[2018-07-11 15:51:43.349] [INFO] admin - GET 304 /images/product11.png 1 ms
[2018-07-11 15:51:43.349] [INFO] admin - GET 304 /images/product10.png 1 ms
[2018-07-11 15:51:43.350] [INFO] admin - GET 304 /images/product05.jpg 0 ms
[2018-07-11 15:51:43.352] [INFO] admin - GET 304 /images/product08.png 1 ms
[2018-07-11 15:51:43.353] [INFO] admin - GET 304 /images/product09.png 0 ms
[2018-07-11 15:51:43.355] [INFO] admin - GET 304 /images/live.png 0 ms
[2018-07-11 15:51:43.358] [INFO] admin - GET 304 /images/product12.jpg 0 ms
[2018-07-11 15:51:43.419] [INFO] admin - GET 200 /favicon.ico 2 ms
[2018-07-11 15:52:49.184] [INFO] admin - GET 200 / 3 ms
[2018-07-11 15:52:49.210] [INFO] admin - GET 200 /css/style.css 2 ms
[2018-07-11 15:52:49.219] [INFO] admin - GET 200 /css/mui.min.css 11 ms
[2018-07-11 15:52:49.222] [INFO] admin - GET 200 /images/sosou.png 1 ms
[2018-07-11 15:52:49.231] [INFO] admin - GET 200 /js/mui.min.js 4 ms
[2018-07-11 15:52:49.236] [INFO] admin - GET 200 /js/style.js 1 ms
[2018-07-11 15:52:49.241] [INFO] admin - GET 200 /images/index.png 1 ms
[2018-07-11 15:52:49.245] [INFO] admin - GET 200 /images/shopping_lax.png 1 ms
[2018-07-11 15:52:49.252] [INFO] admin - GET 200 /images/word.png 4 ms
[2018-07-11 15:52:49.256] [INFO] admin - GET 200 /images/system.png 1 ms
[2018-07-11 15:52:49.263] [INFO] admin - GET 200 /images/banner.jpg 4 ms
[2018-07-11 15:52:49.268] [INFO] admin - GET 200 /images/index01.png 1 ms
[2018-07-11 15:52:49.272] [INFO] admin - GET 200 /images/index02.png 1 ms
[2018-07-11 15:52:49.276] [INFO] admin - GET 200 /images/index03.png 1 ms
[2018-07-11 15:52:49.278] [INFO] admin - GET 200 /images/index04.png 1 ms
[2018-07-11 15:52:49.284] [INFO] admin - GET 200 /images/index05.png 3 ms
[2018-07-11 15:52:49.287] [INFO] admin - GET 200 /images/index06.png 0 ms
[2018-07-11 15:52:49.289] [INFO] admin - GET 200 /images/index07.png 1 ms
[2018-07-11 15:52:49.292] [INFO] admin - GET 200 /images/index08.png 1 ms
[2018-07-11 15:52:49.295] [INFO] admin - GET 200 /images/voice.jpg 1 ms
[2018-07-11 15:52:49.301] [INFO] admin - GET 200 /images/product05.jpg 3 ms
[2018-07-11 15:52:49.305] [INFO] admin - GET 200 /images/product09.png 2 ms
[2018-07-11 15:52:49.310] [INFO] admin - GET 200 /images/product08.png 2 ms
[2018-07-11 15:52:49.314] [INFO] admin - GET 200 /images/product10.png 1 ms
[2018-07-11 15:52:49.320] [INFO] admin - GET 200 /images/product11.png 1 ms
[2018-07-11 15:52:49.322] [INFO] admin - GET 200 /images/live.png 1 ms
[2018-07-11 15:52:49.325] [INFO] admin - GET 200 /images/product12.jpg 3 ms
[2018-07-11 15:52:49.383] [INFO] admin - GET 200 /fonts/mui.ttf 2 ms
[2018-07-11 15:55:35.407] [INFO] admin - GET 200 / 4 ms
[2018-07-11 15:55:35.453] [INFO] admin - GET 200 /css/style.css 3 ms
[2018-07-11 15:55:35.454] [INFO] admin - GET 200 /css/mui.min.css 4 ms
[2018-07-11 15:55:35.467] [INFO] admin - GET 200 /js/mui.min.js 3 ms
[2018-07-11 15:55:35.472] [INFO] admin - GET 200 /js/style.js 1 ms
[2018-07-11 15:55:35.475] [INFO] admin - GET 200 /images/sosou.png 1 ms
[2018-07-11 15:55:35.479] [INFO] admin - GET 200 /images/index.png 1 ms
[2018-07-11 15:55:35.482] [INFO] admin - GET 200 /images/shopping_lax.png 1 ms
[2018-07-11 15:55:35.485] [INFO] admin - GET 200 /images/word.png 1 ms
[2018-07-11 15:55:35.489] [INFO] admin - GET 200 /images/system.png 1 ms
[2018-07-11 15:55:35.497] [INFO] admin - GET 200 /images/banner.jpg 5 ms
[2018-07-11 15:55:35.503] [INFO] admin - GET 200 /images/index01.png 1 ms
[2018-07-11 15:55:35.506] [INFO] admin - GET 200 /images/index02.png 1 ms
[2018-07-11 15:55:35.510] [INFO] admin - GET 200 /images/index03.png 2 ms
[2018-07-11 15:55:35.515] [INFO] admin - GET 200 /images/index04.png 1 ms
[2018-07-11 15:55:35.518] [INFO] admin - GET 200 /images/index05.png 1 ms
[2018-07-11 15:55:35.521] [INFO] admin - GET 200 /images/index06.png 1 ms
[2018-07-11 15:55:35.525] [INFO] admin - GET 200 /images/index07.png 1 ms
[2018-07-11 15:55:35.529] [INFO] admin - GET 200 /images/index08.png 1 ms
[2018-07-11 15:55:35.532] [INFO] admin - GET 200 /images/voice.jpg 1 ms
[2018-07-11 15:55:35.536] [INFO] admin - GET 200 /images/product05.jpg 1 ms
[2018-07-11 15:55:35.540] [INFO] admin - GET 200 /images/product09.png 1 ms
[2018-07-11 15:55:35.547] [INFO] admin - GET 200 /images/product08.png 2 ms
[2018-07-11 15:55:35.552] [INFO] admin - GET 200 /images/product10.png 2 ms
[2018-07-11 15:55:35.557] [INFO] admin - GET 200 /images/product11.png 1 ms
[2018-07-11 15:55:35.561] [INFO] admin - GET 200 /images/live.png 1 ms
[2018-07-11 15:55:35.566] [INFO] admin - GET 200 /images/product12.jpg 2 ms
[2018-07-11 15:55:35.639] [INFO] admin - GET 200 /fonts/mui.ttf 1 ms
[2018-07-11 15:56:01.314] [INFO] admin - GET 200 / 3 ms
[2018-07-11 15:56:01.500] [INFO] admin - GET 200 /css/mui.min.css 5 ms
[2018-07-11 15:56:01.502] [INFO] admin - GET 200 /css/style.css 5 ms
[2018-07-11 15:56:01.641] [INFO] admin - GET 200 /images/sosou.png 3 ms
[2018-07-11 15:56:01.646] [INFO] admin - GET 200 /images/index.png 1 ms
[2018-07-11 15:56:01.655] [INFO] admin - GET 200 /js/mui.min.js 6 ms
[2018-07-11 15:56:01.661] [INFO] admin - GET 200 /js/style.js 2 ms
[2018-07-11 15:56:01.664] [INFO] admin - GET 200 /images/shopping_lax.png 2 ms
[2018-07-11 15:56:01.769] [INFO] admin - GET 200 /images/word.png 2 ms
[2018-07-11 15:56:01.874] [INFO] admin - GET 200 /images/system.png 1 ms
[2018-07-11 15:56:02.001] [INFO] admin - GET 200 /images/banner.jpg 3 ms
[2018-07-11 15:56:02.175] [INFO] admin - GET 200 /images/index02.png 11 ms
[2018-07-11 15:56:02.176] [INFO] admin - GET 200 /images/index01.png 12 ms
[2018-07-11 15:56:02.177] [INFO] admin - GET 200 /images/index03.png 13 ms
[2018-07-11 15:56:02.178] [INFO] admin - GET 200 /images/index04.png 14 ms
[2018-07-11 15:56:02.179] [INFO] admin - GET 200 /images/index05.png 14 ms
[2018-07-11 15:56:02.180] [INFO] admin - GET 200 /images/index06.png 15 ms
[2018-07-11 15:56:02.185] [INFO] admin - GET 200 /images/index07.png 2 ms
[2018-07-11 15:56:02.188] [INFO] admin - GET 200 /images/index08.png 1 ms
[2018-07-11 15:56:02.188] [INFO] admin - GET 200 /images/voice.jpg 3 ms
[2018-07-11 15:56:02.190] [INFO] admin - GET 200 /images/product05.jpg 4 ms
[2018-07-11 15:56:02.193] [INFO] admin - GET 200 /images/product08.png 5 ms
[2018-07-11 15:56:02.195] [INFO] admin - GET 200 /images/product09.png 6 ms
[2018-07-11 15:56:02.197] [INFO] admin - GET 200 /images/product10.png 5 ms
[2018-07-11 15:56:02.198] [INFO] admin - GET 200 /images/live.png 3 ms
[2018-07-11 15:56:02.199] [INFO] admin - GET 200 /images/product11.png 5 ms
[2018-07-11 15:56:02.200] [INFO] admin - GET 200 /images/product12.jpg 4 ms
[2018-07-11 15:56:02.270] [INFO] admin - GET 200 /fonts/mui.ttf 2 ms
[2018-07-11 15:56:04.900] [INFO] admin - GET 304 /css/mui.min.css 0 ms
[2018-07-11 15:56:04.901] [INFO] admin - GET 304 /css/style.css 0 ms
[2018-07-11 15:57:12.032] [INFO] admin - GET 200 / 1 ms
[2018-07-11 15:57:12.056] [INFO] admin - GET 200 /css/style.css 3 ms
[2018-07-11 15:57:12.059] [INFO] admin - GET 200 /css/mui.min.css 6 ms
[2018-07-11 15:57:12.064] [INFO] admin - GET 200 /images/sosou.png 2 ms
[2018-07-11 15:57:12.069] [INFO] admin - GET 200 /js/style.js 4 ms
[2018-07-11 15:57:12.069] [INFO] admin - GET 200 /images/index.png 4 ms
[2018-07-11 15:57:12.071] [INFO] admin - GET 200 /js/mui.min.js 6 ms
[2018-07-11 15:57:12.077] [INFO] admin - GET 200 /images/shopping_lax.png 2 ms
[2018-07-11 15:57:12.079] [INFO] admin - GET 200 /images/word.png 3 ms
[2018-07-11 15:57:12.089] [INFO] admin - GET 200 /images/system.png 5 ms
[2018-07-11 15:57:12.091] [INFO] admin - GET 200 /images/index01.png 4 ms
[2018-07-11 15:57:12.092] [INFO] admin - GET 200 /images/index02.png 4 ms
[2018-07-11 15:57:12.095] [INFO] admin - GET 200 /images/index03.png 7 ms
[2018-07-11 15:57:12.096] [INFO] admin - GET 200 /images/index04.png 8 ms
[2018-07-11 15:57:12.096] [INFO] admin - GET 200 /images/banner.jpg 9 ms
[2018-07-11 15:57:12.098] [INFO] admin - GET 200 /images/index05.png 2 ms
[2018-07-11 15:57:12.100] [INFO] admin - GET 200 /images/index06.png 1 ms
[2018-07-11 15:57:12.101] [INFO] admin - GET 200 /images/index07.png 1 ms
[2018-07-11 15:57:12.104] [INFO] admin - GET 200 /images/voice.jpg 2 ms
[2018-07-11 15:57:12.105] [INFO] admin - GET 200 /images/index08.png 2 ms
[2018-07-11 15:57:12.107] [INFO] admin - GET 200 /images/product05.jpg 1 ms
[2018-07-11 15:57:12.109] [INFO] admin - GET 200 /images/product09.png 2 ms
[2018-07-11 15:57:12.112] [INFO] admin - GET 200 /images/product10.png 3 ms
[2018-07-11 15:57:12.114] [INFO] admin - GET 200 /images/product08.png 4 ms
[2018-07-11 15:57:12.115] [INFO] admin - GET 200 /images/product11.png 5 ms
[2018-07-11 15:57:12.116] [INFO] admin - GET 200 /images/live.png 5 ms
[2018-07-11 15:57:12.119] [INFO] admin - GET 200 /images/product12.jpg 3 ms
[2018-07-11 15:57:12.194] [INFO] admin - GET 200 /fonts/mui.ttf 2 ms
[2018-07-11 15:58:46.736] [INFO] admin - GET 200 / 19 ms
[2018-07-11 15:58:46.839] [INFO] admin - GET 200 /css/style.css 9 ms
[2018-07-11 15:58:46.840] [INFO] admin - GET 200 /css/mui.min.css 14 ms
[2018-07-11 15:58:46.943] [INFO] admin - GET 200 /images/sosou.png 4 ms
[2018-07-11 15:58:46.952] [INFO] admin - GET 200 /js/mui.min.js 6 ms
[2018-07-11 15:58:46.960] [INFO] admin - GET 200 /js/style.js 6 ms
[2018-07-11 15:58:47.083] [INFO] admin - GET 200 /images/index.png 3 ms
[2018-07-11 15:58:47.191] [INFO] admin - GET 200 /images/shopping_lax.png 5 ms
[2018-07-11 15:58:47.193] [INFO] admin - GET 200 /images/word.png 5 ms
[2018-07-11 15:58:47.298] [INFO] admin - GET 200 /images/system.png 1 ms
[2018-07-11 15:58:47.456] [INFO] admin - GET 200 /images/index01.png 15 ms
[2018-07-11 15:58:47.457] [INFO] admin - GET 200 /images/index02.png 16 ms
[2018-07-11 15:58:47.459] [INFO] admin - GET 200 /images/index03.png 17 ms
[2018-07-11 15:58:47.462] [INFO] admin - GET 200 /images/index04.png 19 ms
[2018-07-11 15:58:47.465] [INFO] admin - GET 200 /images/index05.png 18 ms
[2018-07-11 15:58:47.466] [INFO] admin - GET 200 /images/banner.jpg 27 ms
[2018-07-11 15:58:47.472] [INFO] admin - GET 200 /images/index06.png 12 ms
[2018-07-11 15:58:47.481] [INFO] admin - GET 200 /images/index07.png 20 ms
[2018-07-11 15:58:47.482] [INFO] admin - GET 200 /images/index08.png 21 ms
[2018-07-11 15:58:47.485] [INFO] admin - GET 200 /images/product05.jpg 16 ms
[2018-07-11 15:58:47.488] [INFO] admin - GET 200 /images/product09.png 19 ms
[2018-07-11 15:58:47.489] [INFO] admin - GET 200 /images/voice.jpg 21 ms
[2018-07-11 15:58:47.499] [INFO] admin - GET 200 /images/product08.png 16 ms
[2018-07-11 15:58:47.507] [INFO] admin - GET 200 /images/product10.png 24 ms
[2018-07-11 15:58:47.509] [INFO] admin - GET 200 /images/product11.png 19 ms
[2018-07-11 15:58:47.510] [INFO] admin - GET 200 /images/live.png 5 ms
[2018-07-11 15:58:47.513] [INFO] admin - GET 200 /images/product12.jpg 7 ms
[2018-07-11 15:58:47.545] [INFO] admin - GET 200 /fonts/mui.ttf 2 ms
[2018-07-11 15:58:59.755] [INFO] admin - GET 200 / 4 ms
[2018-07-11 15:59:00.589] [INFO] admin - GET 200 /css/mui.min.css 6 ms
[2018-07-11 15:59:00.593] [INFO] admin - GET 200 /css/style.css 7 ms
[2018-07-11 15:59:00.727] [INFO] admin - GET 200 /images/sosou.png 11 ms
[2018-07-11 15:59:00.736] [INFO] admin - GET 200 /js/style.js 9 ms
[2018-07-11 15:59:00.739] [INFO] admin - GET 200 /js/mui.min.js 14 ms
[2018-07-11 15:59:00.831] [INFO] admin - GET 200 /images/index.png 1 ms
[2018-07-11 15:59:00.943] [INFO] admin - GET 200 /images/shopping_lax.png 5 ms
[2018-07-11 15:59:01.065] [INFO] admin - GET 200 /images/word.png 2 ms
[2018-07-11 15:59:01.198] [INFO] admin - GET 200 /images/system.png 4 ms
[2018-07-11 15:59:01.201] [INFO] admin - GET 200 /images/index01.png 6 ms
[2018-07-11 15:59:01.204] [INFO] admin - GET 200 /images/index02.png 7 ms
[2018-07-11 15:59:01.204] [INFO] admin - GET 200 /images/index03.png 8 ms
[2018-07-11 15:59:01.211] [INFO] admin - GET 200 /images/index04.png 15 ms
[2018-07-11 15:59:01.218] [INFO] admin - GET 200 /images/banner.jpg 22 ms
[2018-07-11 15:59:01.228] [INFO] admin - GET 200 /images/index05.png 16 ms
[2018-07-11 15:59:01.229] [INFO] admin - GET 200 /images/index06.png 16 ms
[2018-07-11 15:59:01.231] [INFO] admin - GET 200 /images/index07.png 16 ms
[2018-07-11 15:59:01.232] [INFO] admin - GET 200 /images/index08.png 16 ms
[2018-07-11 15:59:01.234] [INFO] admin - GET 200 /images/voice.jpg 18 ms
[2018-07-11 15:59:01.238] [INFO] admin - GET 200 /images/product05.jpg 17 ms
[2018-07-11 15:59:01.241] [INFO] admin - GET 200 /images/product08.png 6 ms
[2018-07-11 15:59:01.245] [INFO] admin - GET 200 /images/product11.png 9 ms
[2018-07-11 15:59:01.247] [INFO] admin - GET 200 /images/product10.png 10 ms
[2018-07-11 15:59:01.247] [INFO] admin - GET 200 /images/live.png 10 ms
[2018-07-11 15:59:01.248] [INFO] admin - GET 200 /images/product09.png 14 ms
[2018-07-11 15:59:01.250] [INFO] admin - GET 200 /images/product12.jpg 9 ms
[2018-07-11 15:59:01.354] [INFO] admin - GET 200 /fonts/mui.ttf 1 ms
[2018-07-11 16:03:38.554] [INFO] admin - GET 200 / 8 ms
[2018-07-11 16:03:38.652] [INFO] admin - GET 200 /css/style.css 10 ms
[2018-07-11 16:03:38.655] [INFO] admin - GET 200 /css/mui.min.css 15 ms
[2018-07-11 16:03:38.790] [INFO] admin - GET 200 /images/sosou.png 5 ms
[2018-07-11 16:03:38.813] [INFO] admin - GET 200 /js/style.js 9 ms
[2018-07-11 16:03:38.821] [INFO] admin - GET 200 /images/index.png 12 ms
[2018-07-11 16:03:38.823] [INFO] admin - GET 200 /js/mui.min.js 20 ms
[2018-07-11 16:03:38.942] [INFO] admin - GET 200 /images/shopping_lax.png 6 ms
[2018-07-11 16:03:39.066] [INFO] admin - GET 200 /images/word.png 2 ms
[2018-07-11 16:03:39.191] [INFO] admin - GET 200 /images/system.png 3 ms
[2018-07-11 16:03:39.357] [INFO] admin - GET 200 /images/index01.png 12 ms
[2018-07-11 16:03:39.361] [INFO] admin - GET 200 /images/index02.png 14 ms
[2018-07-11 16:03:39.361] [INFO] admin - GET 200 /images/index03.png 14 ms
[2018-07-11 16:03:39.363] [INFO] admin - GET 200 /images/index04.png 15 ms
[2018-07-11 16:03:39.364] [INFO] admin - GET 200 /images/index05.png 15 ms
[2018-07-11 16:03:39.367] [INFO] admin - GET 200 /images/banner.jpg 26 ms
[2018-07-11 16:03:39.368] [INFO] admin - GET 200 /images/index06.png 8 ms
[2018-07-11 16:03:39.371] [INFO] admin - GET 200 /images/index07.png 1 ms
[2018-07-11 16:03:39.374] [INFO] admin - GET 200 /images/index08.png 3 ms
[2018-07-11 16:03:39.385] [INFO] admin - GET 200 /images/voice.jpg 4 ms
[2018-07-11 16:03:39.392] [INFO] admin - GET 200 /images/product05.jpg 8 ms
[2018-07-11 16:03:39.395] [INFO] admin - GET 200 /images/product09.png 10 ms
[2018-07-11 16:03:39.399] [INFO] admin - GET 200 /images/product08.png 13 ms
[2018-07-11 16:03:39.401] [INFO] admin - GET 200 /images/product10.png 13 ms
[2018-07-11 16:03:39.402] [INFO] admin - GET 200 /images/product11.png 11 ms
[2018-07-11 16:03:39.402] [INFO] admin - GET 200 /images/live.png 11 ms
[2018-07-11 16:03:39.411] [INFO] admin - GET 200 /images/product12.jpg 16 ms
[2018-07-11 16:03:39.418] [INFO] admin - GET 200 /fonts/mui.ttf 2 ms
[2018-07-11 16:05:18.915] [INFO] admin - GET 200 / 3 ms
[2018-07-11 16:05:18.948] [INFO] admin - GET 200 /css/style.css 15 ms
[2018-07-11 16:05:18.950] [INFO] admin - GET 200 /css/mui.min.css 19 ms
[2018-07-11 16:05:18.963] [INFO] admin - GET 200 /js/style.js 8 ms
[2018-07-11 16:05:18.966] [INFO] admin - GET 200 /images/sosou.png 10 ms
[2018-07-11 16:05:18.966] [INFO] admin - GET 200 /images/index.png 10 ms
[2018-07-11 16:05:18.967] [INFO] admin - GET 200 /images/shopping_lax.png 11 ms
[2018-07-11 16:05:18.968] [INFO] admin - GET 200 /images/word.png 11 ms
[2018-07-11 16:05:18.971] [INFO] admin - GET 200 /js/mui.min.js 21 ms
[2018-07-11 16:05:18.973] [INFO] admin - GET 200 /images/system.png 8 ms
[2018-07-11 16:05:18.978] [INFO] admin - GET 200 /images/index01.png 5 ms
[2018-07-11 16:05:18.981] [INFO] admin - GET 200 /images/index02.png 6 ms
[2018-07-11 16:05:18.981] [INFO] admin - GET 200 /images/index03.png 7 ms
[2018-07-11 16:05:18.983] [INFO] admin - GET 200 /images/index04.png 7 ms
[2018-07-11 16:05:18.988] [INFO] admin - GET 200 /images/banner.jpg 16 ms
[2018-07-11 16:05:18.989] [INFO] admin - GET 200 /images/index05.png 13 ms
[2018-07-11 16:05:18.996] [INFO] admin - GET 200 /images/index06.png 6 ms
[2018-07-11 16:05:18.996] [INFO] admin - GET 200 /images/index07.png 6 ms
[2018-07-11 16:05:18.997] [INFO] admin - GET 200 /images/index08.png 7 ms
[2018-07-11 16:05:18.998] [INFO] admin - GET 200 /images/voice.jpg 7 ms
[2018-07-11 16:05:18.999] [INFO] admin - GET 200 /images/product09.png 7 ms
[2018-07-11 16:05:19.002] [INFO] admin - GET 200 /images/product05.jpg 10 ms
[2018-07-11 16:05:19.009] [INFO] admin - GET 200 /images/product08.png 5 ms
[2018-07-11 16:05:19.010] [INFO] admin - GET 200 /images/product10.png 5 ms
[2018-07-11 16:05:19.011] [INFO] admin - GET 200 /images/live.png 5 ms
[2018-07-11 16:05:19.012] [INFO] admin - GET 200 /images/product12.jpg 5 ms
[2018-07-11 16:05:19.014] [INFO] admin - GET 200 /images/product11.png 8 ms
[2018-07-11 16:05:19.028] [INFO] admin - GET 200 /fonts/mui.ttf 2 ms
[2018-07-11 16:06:43.376] [INFO] admin - GET 200 / 4 ms
[2018-07-11 16:06:43.397] [INFO] admin - GET 200 /css/style.css 6 ms
[2018-07-11 16:06:43.399] [INFO] admin - GET 200 /css/mui.min.css 10 ms
[2018-07-11 16:06:43.408] [INFO] admin - GET 200 /images/sosou.png 7 ms
[2018-07-11 16:06:43.410] [INFO] admin - GET 200 /js/style.js 7 ms
[2018-07-11 16:06:43.411] [INFO] admin - GET 200 /images/index.png 7 ms
[2018-07-11 16:06:43.413] [INFO] admin - GET 200 /images/shopping_lax.png 9 ms
[2018-07-11 16:06:43.417] [INFO] admin - GET 200 /images/word.png 13 ms
[2018-07-11 16:06:43.422] [INFO] admin - GET 200 /js/mui.min.js 19 ms
[2018-07-11 16:06:43.427] [INFO] admin - GET 200 /images/system.png 7 ms
[2018-07-11 16:06:43.429] [INFO] admin - GET 200 /images/index01.png 10 ms
[2018-07-11 16:06:43.431] [INFO] admin - GET 200 /images/index02.png 11 ms
[2018-07-11 16:06:43.434] [INFO] admin - GET 200 /images/index03.png 13 ms
[2018-07-11 16:06:43.440] [INFO] admin - GET 200 /images/banner.jpg 21 ms
[2018-07-11 16:06:43.451] [INFO] admin - GET 200 /images/index04.png 25 ms
[2018-07-11 16:06:43.457] [INFO] admin - GET 200 /images/index05.png 21 ms
[2018-07-11 16:06:43.458] [INFO] admin - GET 200 /images/index06.png 22 ms
[2018-07-11 16:06:43.459] [INFO] admin - GET 200 /images/index07.png 22 ms
[2018-07-11 16:06:43.472] [INFO] admin - GET 200 /images/index08.png 34 ms
[2018-07-11 16:06:43.492] [INFO] admin - GET 200 /images/voice.jpg 43 ms
[2018-07-11 16:06:43.518] [INFO] admin - GET 200 /images/product05.jpg 61 ms
[2018-07-11 16:06:43.530] [INFO] admin - GET 200 /images/product08.png 56 ms
[2018-07-11 16:06:43.531] [INFO] admin - GET 200 /images/product10.png 56 ms
[2018-07-11 16:06:43.532] [INFO] admin - GET 200 /fonts/mui.ttf 57 ms
[2018-07-11 16:06:43.534] [INFO] admin - GET 200 /images/live.png 18 ms
[2018-07-11 16:06:43.543] [INFO] admin - GET 200 /images/product09.png 69 ms
[2018-07-11 16:06:43.547] [INFO] admin - GET 200 /images/product11.png 15 ms
[2018-07-11 16:06:43.553] [INFO] admin - GET 200 /images/product12.jpg 10 ms
[2018-07-11 16:06:45.252] [INFO] admin - GET 404 /sosou.html 13 ms
[2018-07-11 16:06:45.335] [INFO] admin - GET 304 /images/live.png 2 ms
[2018-07-11 16:06:45.337] [INFO] admin - GET 304 /images/product11.png 2 ms
[2018-07-11 16:06:45.338] [INFO] admin - GET 304 /images/product12.jpg 2 ms
[2018-07-11 16:06:48.682] [INFO] admin - GET 200 / 1 ms
[2018-07-11 16:06:48.700] [INFO] admin - GET 200 /css/style.css 3 ms
[2018-07-11 16:06:48.703] [INFO] admin - GET 200 /css/mui.min.css 5 ms
[2018-07-11 16:06:48.715] [INFO] admin - GET 200 /images/sosou.png 7 ms
[2018-07-11 16:06:48.716] [INFO] admin - GET 200 /js/style.js 8 ms
[2018-07-11 16:06:48.717] [INFO] admin - GET 200 /images/index.png 9 ms
[2018-07-11 16:06:48.717] [INFO] admin - GET 200 /images/shopping_lax.png 8 ms
[2018-07-11 16:06:48.719] [INFO] admin - GET 200 /images/word.png 10 ms
[2018-07-11 16:06:48.726] [INFO] admin - GET 200 /js/mui.min.js 18 ms
[2018-07-11 16:06:48.730] [INFO] admin - GET 200 /images/index01.png 6 ms
[2018-07-11 16:06:48.731] [INFO] admin - GET 200 /images/index02.png 7 ms
[2018-07-11 16:06:48.733] [INFO] admin - GET 200 /images/index03.png 7 ms
[2018-07-11 16:06:48.733] [INFO] admin - GET 200 /images/system.png 10 ms
[2018-07-11 16:06:48.737] [INFO] admin - GET 200 /images/index04.png 8 ms
[2018-07-11 16:06:48.737] [INFO] admin - GET 200 /images/banner.jpg 13 ms
[2018-07-11 16:06:48.746] [INFO] admin - GET 200 /images/index05.png 11 ms
[2018-07-11 16:06:48.746] [INFO] admin - GET 200 /images/index06.png 12 ms
[2018-07-11 16:06:48.752] [INFO] admin - GET 200 /images/index08.png 11 ms
[2018-07-11 16:06:48.754] [INFO] admin - GET 200 /images/voice.jpg 12 ms
[2018-07-11 16:06:48.754] [INFO] admin - GET 200 /images/product05.jpg 12 ms
[2018-07-11 16:06:48.755] [INFO] admin - GET 200 /images/index07.png 14 ms
[2018-07-11 16:06:48.756] [INFO] admin - GET 200 /images/product09.png 7 ms
[2018-07-11 16:06:48.757] [INFO] admin - GET 200 /images/product08.png 7 ms
[2018-07-11 16:06:48.758] [INFO] admin - GET 200 /images/product10.png 2 ms
[2018-07-11 16:06:48.760] [INFO] admin - GET 200 /images/product11.png 1 ms
[2018-07-11 16:06:48.766] [INFO] admin - GET 200 /images/live.png 1 ms
[2018-07-11 16:06:48.767] [INFO] admin - GET 200 /images/product12.jpg 3 ms
[2018-07-11 16:06:48.783] [INFO] admin - GET 200 /fonts/mui.ttf 1 ms
[2018-07-11 16:11:03.775] [INFO] admin - GET 200 / 2 ms
[2018-07-11 16:11:03.922] [INFO] admin - GET 200 /css/style.css 12 ms
[2018-07-11 16:11:03.924] [INFO] admin - GET 200 /css/mui.min.css 15 ms
[2018-07-11 16:11:03.925] [INFO] admin - GET 200 /images/sosou.png 1 ms
[2018-07-11 16:11:03.934] [INFO] admin - GET 200 /images/index.png 4 ms
[2018-07-11 16:11:03.937] [INFO] admin - GET 200 /js/style.js 4 ms
[2018-07-11 16:11:03.938] [INFO] admin - GET 200 /images/shopping_lax.png 5 ms
[2018-07-11 16:11:03.940] [INFO] admin - GET 200 /images/word.png 7 ms
[2018-07-11 16:11:03.940] [INFO] admin - GET 200 /js/mui.min.js 9 ms
[2018-07-11 16:11:03.943] [INFO] admin - GET 200 /images/system.png 2 ms
[2018-07-11 16:11:03.963] [INFO] admin - GET 200 /images/index01.png 6 ms
[2018-07-11 16:11:03.965] [INFO] admin - GET 200 /images/banner.jpg 8 ms
[2018-07-11 16:11:03.966] [INFO] admin - GET 200 /images/index02.png 8 ms
[2018-07-11 16:11:03.970] [INFO] admin - GET 200 /images/index03.png 11 ms
[2018-07-11 16:11:03.971] [INFO] admin - GET 200 /images/index04.png 10 ms
[2018-07-11 16:11:03.972] [INFO] admin - GET 200 /images/index05.png 7 ms
[2018-07-11 16:11:03.973] [INFO] admin - GET 200 /images/index06.png 6 ms
[2018-07-11 16:11:03.974] [INFO] admin - GET 200 /images/index07.png 5 ms
[2018-07-11 16:11:03.976] [INFO] admin - GET 200 /images/index08.png 6 ms
[2018-07-11 16:11:03.982] [INFO] admin - GET 200 /images/voice.jpg 9 ms
[2018-07-11 16:11:03.986] [INFO] admin - GET 200 /images/product05.jpg 8 ms
[2018-07-11 16:11:03.987] [INFO] admin - GET 200 /images/product08.png 7 ms
[2018-07-11 16:11:03.988] [INFO] admin - GET 200 /images/product10.png 7 ms
[2018-07-11 16:11:03.991] [INFO] admin - GET 200 /images/product11.png 10 ms
[2018-07-11 16:11:03.993] [INFO] admin - GET 200 /images/product09.png 14 ms
[2018-07-11 16:11:03.997] [INFO] admin - GET 200 /images/live.png 12 ms
[2018-07-11 16:11:04.002] [INFO] admin - GET 200 /images/product12.jpg 6 ms
[2018-07-11 16:11:04.047] [INFO] admin - GET 200 /fonts/mui.ttf 2 ms
[2018-07-11 16:12:13.835] [INFO] admin - GET 200 / 3 ms
[2018-07-11 16:12:13.858] [INFO] admin - GET 200 /css/style.css 6 ms
[2018-07-11 16:12:13.862] [INFO] admin - GET 200 /css/mui.min.css 11 ms
[2018-07-11 16:12:13.873] [INFO] admin - GET 200 /js/mui.min.js 12 ms
[2018-07-11 16:12:13.874] [INFO] admin - GET 200 /js/style.js 11 ms
[2018-07-11 16:12:13.874] [INFO] admin - GET 200 /images/sosou.png 10 ms
[2018-07-11 16:12:13.877] [INFO] admin - GET 200 /images/index.png 12 ms
[2018-07-11 16:12:13.877] [INFO] admin - GET 200 /images/shopping_lax.png 12 ms
[2018-07-11 16:12:13.878] [INFO] admin - GET 200 /images/word.png 12 ms
[2018-07-11 16:12:13.890] [INFO] admin - GET 200 /images/system.png 3 ms
[2018-07-11 16:12:13.891] [INFO] admin - GET 200 /images/index01.png 3 ms
[2018-07-11 16:12:13.891] [INFO] admin - GET 200 /images/index03.png 3 ms
[2018-07-11 16:12:13.893] [INFO] admin - GET 200 /images/index02.png 4 ms
[2018-07-11 16:12:13.893] [INFO] admin - GET 200 /images/index04.png 5 ms
[2018-07-11 16:12:13.895] [INFO] admin - GET 200 /images/banner.jpg 7 ms
[2018-07-11 16:12:13.898] [INFO] admin - GET 200 /images/index05.png 1 ms
[2018-07-11 16:12:13.904] [INFO] admin - GET 200 /images/index06.png 4 ms
[2018-07-11 16:12:13.905] [INFO] admin - GET 200 /images/index07.png 5 ms
[2018-07-11 16:12:13.906] [INFO] admin - GET 200 /images/index08.png 6 ms
[2018-07-11 16:12:13.908] [INFO] admin - GET 200 /images/voice.jpg 5 ms
[2018-07-11 16:12:13.909] [INFO] admin - GET 200 /images/product05.jpg 5 ms
[2018-07-11 16:12:13.909] [INFO] admin - GET 200 /images/product09.png 5 ms
[2018-07-11 16:12:13.911] [INFO] admin - GET 200 /images/product08.png 4 ms
[2018-07-11 16:12:13.913] [INFO] admin - GET 200 /images/product10.png 2 ms
[2018-07-11 16:12:13.913] [INFO] admin - GET 200 /images/product11.png 2 ms
[2018-07-11 16:12:13.918] [INFO] admin - GET 200 /images/live.png 4 ms
[2018-07-11 16:12:13.920] [INFO] admin - GET 200 /images/product12.jpg 3 ms
[2018-07-11 16:12:13.954] [INFO] admin - GET 200 /fonts/mui.ttf 1 ms
[2018-07-11 16:21:33.953] [INFO] admin - GET 200 /product_info.html 2 ms
[2018-07-11 16:21:33.987] [INFO] admin - GET 200 /css/style.css 12 ms
[2018-07-11 16:21:33.989] [INFO] admin - GET 200 /css/product.css 7 ms
[2018-07-11 16:21:33.992] [INFO] admin - GET 200 /css/mui.min.css 20 ms
[2018-07-11 16:21:34.000] [INFO] admin - GET 200 /js/mui.min.js 10 ms
[2018-07-11 16:21:34.002] [INFO] admin - GET 200 /js/style.js 6 ms
[2018-07-11 16:21:34.002] [INFO] admin - GET 200 /images/top_arrowleft.png 6 ms
[2018-07-11 16:21:34.003] [INFO] admin - GET 200 /images/product.jpg 7 ms
[2018-07-11 16:21:34.004] [INFO] admin - GET 200 /images/img.png 7 ms
[2018-07-11 16:21:34.004] [INFO] admin - GET 200 /images/product_title.jpg 6 ms
[2018-07-11 16:21:34.013] [INFO] admin - GET 200 /images/store.png 3 ms
[2018-07-11 16:21:34.020] [INFO] admin - GET 200 /images/shopping_lax.png 2 ms
[2018-07-11 16:21:34.053] [INFO] admin - GET 200 /fonts/mui.ttf 1 ms
[2018-07-11 16:21:47.292] [INFO] admin - GET 200 / 1 ms
[2018-07-11 16:21:47.311] [INFO] admin - GET 200 /css/mui.min.css 3 ms
[2018-07-11 16:21:47.313] [INFO] admin - GET 200 /css/style.css 4 ms
[2018-07-11 16:21:47.324] [INFO] admin - GET 200 /images/sosou.png 4 ms
[2018-07-11 16:21:47.326] [INFO] admin - GET 200 /js/style.js 4 ms
[2018-07-11 16:21:47.326] [INFO] admin - GET 200 /images/index.png 5 ms
[2018-07-11 16:21:47.328] [INFO] admin - GET 200 /images/word.png 6 ms
[2018-07-11 16:21:47.329] [INFO] admin - GET 200 /images/shopping_lax.png 7 ms
[2018-07-11 16:21:47.330] [INFO] admin - GET 200 /js/mui.min.js 9 ms
[2018-07-11 16:21:47.331] [INFO] admin - GET 200 /images/system.png 3 ms
[2018-07-11 16:21:47.336] [INFO] admin - GET 200 /images/index01.png 2 ms
[2018-07-11 16:21:47.338] [INFO] admin - GET 200 /images/banner.jpg 4 ms
[2018-07-11 16:21:47.339] [INFO] admin - GET 200 /images/index02.png 3 ms
[2018-07-11 16:21:47.340] [INFO] admin - GET 200 /images/index03.png 3 ms
[2018-07-11 16:21:47.341] [INFO] admin - GET 200 /images/index04.png 3 ms
[2018-07-11 16:21:47.342] [INFO] admin - GET 200 /images/index05.png 2 ms
[2018-07-11 16:21:47.347] [INFO] admin - GET 200 /images/index06.png 1 ms
[2018-07-11 16:21:47.353] [INFO] admin - GET 200 /images/index07.png 5 ms
[2018-07-11 16:21:47.354] [INFO] admin - GET 200 /images/index08.png 5 ms
[2018-07-11 16:21:47.354] [INFO] admin - GET 200 /images/voice.jpg 5 ms
[2018-07-11 16:21:47.355] [INFO] admin - GET 200 /images/product05.jpg 5 ms
[2018-07-11 16:21:47.357] [INFO] admin - GET 200 /images/product08.png 6 ms
[2018-07-11 16:21:47.358] [INFO] admin - GET 200 /images/product09.png 7 ms
[2018-07-11 16:21:47.363] [INFO] admin - GET 200 /images/product10.png 1 ms
[2018-07-11 16:21:47.367] [INFO] admin - GET 200 /images/product11.png 2 ms
[2018-07-11 16:21:47.368] [INFO] admin - GET 200 /images/live.png 4 ms
[2018-07-11 16:21:47.369] [INFO] admin - GET 200 /images/product12.jpg 5 ms
[2018-07-11 16:21:47.422] [INFO] admin - GET 200 /fonts/mui.ttf 2 ms
[2018-07-11 16:21:49.270] [INFO] admin - GET 200 / 1 ms
[2018-07-11 16:21:49.291] [INFO] admin - GET 200 /css/style.css 5 ms
[2018-07-11 16:21:49.293] [INFO] admin - GET 200 /css/mui.min.css 8 ms
[2018-07-11 16:21:49.309] [INFO] admin - GET 200 /images/sosou.png 11 ms
[2018-07-11 16:21:49.310] [INFO] admin - GET 200 /js/style.js 11 ms
[2018-07-11 16:21:49.311] [INFO] admin - GET 200 /images/index.png 8 ms
[2018-07-11 16:21:49.312] [INFO] admin - GET 200 /images/shopping_lax.png 6 ms
[2018-07-11 16:21:49.312] [INFO] admin - GET 200 /images/word.png 6 ms
[2018-07-11 16:21:49.315] [INFO] admin - GET 200 /js/mui.min.js 17 ms
[2018-07-11 16:21:49.339] [INFO] admin - GET 200 /images/system.png 10 ms
[2018-07-11 16:21:49.341] [INFO] admin - GET 200 /images/index01.png 9 ms
[2018-07-11 16:21:49.341] [INFO] admin - GET 200 /images/index02.png 8 ms
[2018-07-11 16:21:49.345] [INFO] admin - GET 200 /images/index03.png 12 ms
[2018-07-11 16:21:49.348] [INFO] admin - GET 200 /images/index04.png 12 ms
[2018-07-11 16:21:49.352] [INFO] admin - GET 200 /images/banner.jpg 21 ms
[2018-07-11 16:21:49.356] [INFO] admin - GET 200 /images/index05.png 6 ms
[2018-07-11 16:21:49.357] [INFO] admin - GET 200 /images/index07.png 6 ms
[2018-07-11 16:21:49.358] [INFO] admin - GET 200 /images/index08.png 7 ms
[2018-07-11 16:21:49.359] [INFO] admin - GET 200 /images/voice.jpg 7 ms
[2018-07-11 16:21:49.359] [INFO] admin - GET 200 /images/index06.png 8 ms
[2018-07-11 16:21:49.361] [INFO] admin - GET 200 /images/product05.jpg 6 ms
[2018-07-11 16:21:49.367] [INFO] admin - GET 200 /images/product09.png 5 ms
[2018-07-11 16:21:49.369] [INFO] admin - GET 200 /images/product08.png 1 ms
[2018-07-11 16:21:49.371] [INFO] admin - GET 200 /images/product10.png 3 ms
[2018-07-11 16:21:49.373] [INFO] admin - GET 200 /images/product11.png 3 ms
[2018-07-11 16:21:49.374] [INFO] admin - GET 200 /images/live.png 1 ms
[2018-07-11 16:21:49.376] [INFO] admin - GET 200 /images/product12.jpg 1 ms
[2018-07-11 16:21:49.386] [INFO] admin - GET 200 /fonts/mui.ttf 1 ms
[2018-07-11 16:23:00.149] [INFO] admin - GET 200 / 1 ms
[2018-07-11 16:23:00.170] [INFO] admin - GET 200 /css/style.css 4 ms
[2018-07-11 16:23:00.172] [INFO] admin - GET 200 /css/mui.min.css 8 ms
[2018-07-11 16:23:00.176] [INFO] admin - GET 200 /images/sosou.png 1 ms
[2018-07-11 16:23:00.194] [INFO] admin - GET 200 /js/style.js 15 ms
[2018-07-11 16:23:00.197] [INFO] admin - GET 200 /images/index.png 15 ms
[2018-07-11 16:23:00.201] [INFO] admin - GET 200 /images/shopping_lax.png 21 ms
[2018-07-11 16:23:00.202] [INFO] admin - GET 200 /images/word.png 22 ms
[2018-07-11 16:23:00.202] [INFO] admin - GET 200 /images/system.png 22 ms
[2018-07-11 16:23:00.205] [INFO] admin - GET 200 /js/mui.min.js 28 ms
[2018-07-11 16:23:00.209] [INFO] admin - GET 200 /images/index01.png 6 ms
[2018-07-11 16:23:00.211] [INFO] admin - GET 200 /images/index02.png 5 ms
[2018-07-11 16:23:00.212] [INFO] admin - GET 200 /images/index03.png 6 ms
[2018-07-11 16:23:00.213] [INFO] admin - GET 200 /images/banner.jpg 10 ms
[2018-07-11 16:23:00.214] [INFO] admin - GET 200 /images/index04.png 5 ms
[2018-07-11 16:23:00.215] [INFO] admin - GET 200 /images/index05.png 6 ms
[2018-07-11 16:23:00.219] [INFO] admin - GET 200 /images/index06.png 3 ms
[2018-07-11 16:23:00.222] [INFO] admin - GET 200 /images/index07.png 2 ms
[2018-07-11 16:23:00.223] [INFO] admin - GET 200 /images/index08.png 3 ms
[2018-07-11 16:23:00.225] [INFO] admin - GET 200 /images/voice.jpg 4 ms
[2018-07-11 16:23:00.226] [INFO] admin - GET 200 /images/product05.jpg 4 ms
[2018-07-11 16:23:00.227] [INFO] admin - GET 200 /images/product09.png 3 ms
[2018-07-11 16:23:00.229] [INFO] admin - GET 200 /images/product08.png 3 ms
[2018-07-11 16:23:00.234] [INFO] admin - GET 200 /images/product10.png 1 ms
[2018-07-11 16:23:00.236] [INFO] admin - GET 200 /images/product11.png 3 ms
[2018-07-11 16:23:00.237] [INFO] admin - GET 200 /images/live.png 3 ms
[2018-07-11 16:23:00.238] [INFO] admin - GET 200 /images/product12.jpg 3 ms
[2018-07-11 16:23:00.240] [INFO] admin - GET 200 /fonts/mui.ttf 3 ms
[2018-07-11 16:23:01.876] [INFO] admin - GET 200 / 1 ms
[2018-07-11 16:23:01.901] [INFO] admin - GET 200 /css/style.css 9 ms
[2018-07-11 16:23:01.905] [INFO] admin - GET 200 /images/sosou.png 2 ms
[2018-07-11 16:23:01.906] [INFO] admin - GET 200 /css/mui.min.css 15 ms
[2018-07-11 16:23:01.909] [INFO] admin - GET 200 /images/index.png 1 ms
[2018-07-11 16:23:01.917] [INFO] admin - GET 200 /images/shopping_lax.png 4 ms
[2018-07-11 16:23:01.920] [INFO] admin - GET 200 /images/word.png 1 ms
[2018-07-11 16:23:01.923] [INFO] admin - GET 200 /images/system.png 1 ms
[2018-07-11 16:23:01.929] [INFO] admin - GET 200 /images/banner.jpg 4 ms
[2018-07-11 16:23:01.932] [INFO] admin - GET 200 /images/index01.png 2 ms
[2018-07-11 16:23:01.936] [INFO] admin - GET 200 /images/index02.png 2 ms
[2018-07-11 16:23:01.941] [INFO] admin - GET 200 /js/mui.min.js 4 ms
[2018-07-11 16:23:01.943] [INFO] admin - GET 200 /js/style.js 1 ms
[2018-07-11 16:23:01.949] [INFO] admin - GET 200 /images/index03.png 4 ms
[2018-07-11 16:23:01.951] [INFO] admin - GET 200 /images/index04.png 1 ms
[2018-07-11 16:23:01.955] [INFO] admin - GET 200 /images/index05.png 3 ms
[2018-07-11 16:23:01.960] [INFO] admin - GET 200 /images/index06.png 5 ms
[2018-07-11 16:23:01.963] [INFO] admin - GET 200 /images/index08.png 7 ms
[2018-07-11 16:23:01.964] [INFO] admin - GET 200 /images/voice.jpg 8 ms
[2018-07-11 16:23:01.966] [INFO] admin - GET 200 /images/product05.jpg 10 ms
[2018-07-11 16:23:01.967] [INFO] admin - GET 200 /images/index07.png 11 ms
[2018-07-11 16:23:01.970] [INFO] admin - GET 200 /images/product09.png 11 ms
[2018-07-11 16:23:01.973] [INFO] admin - GET 200 /images/product10.png 5 ms
[2018-07-11 16:23:01.975] [INFO] admin - GET 200 /images/product11.png 6 ms
[2018-07-11 16:23:01.976] [INFO] admin - GET 200 /images/product08.png 8 ms
[2018-07-11 16:23:01.979] [INFO] admin - GET 200 /images/live.png 8 ms
[2018-07-11 16:23:01.980] [INFO] admin - GET 200 /images/product12.jpg 8 ms
[2018-07-11 16:23:02.010] [INFO] admin - GET 200 /fonts/mui.ttf 2 ms
